13:57:18.243 [main                     ] DEBUG Logger               - Configured Logger
13:57:18.265 [main                     ] DEBUG GameApplication      - Logging settings
Title: Restaurante
Version: 0.0
Width: 700
Height: 500
Fullscreen: false
Intro: false
Profiling: false
Single step:false
App Mode: DEVELOPER
Menu Key: ESCAPE
Stage Style: DECORATED
Scene Factory: class com.almasb.fxgl.app.scene.SceneFactory

13:57:19.086 [JavaFX Application Thread] DEBUG FXGLApplication      - Initializing FXGL
13:57:19.092 [JavaFX Application Thread] INFO  Engine               - FXGL-17.3 (30.03.2023 11.49) on WINDOWS (J:17.0.13 FX:21)
13:57:19.093 [JavaFX Application Thread] DEBUG Engine               - JRE Vendor Name: Oracle Corporation
13:57:19.093 [JavaFX Application Thread] DEBUG Engine               - Running on OS: Windows 11 version 10.0
13:57:19.093 [JavaFX Application Thread] DEBUG Engine               - Architecture: amd64
13:57:19.094 [JavaFX Application Thread] INFO  Engine               - Source code and latest versions at: https://github.com/AlmasB/FXGL
13:57:19.094 [JavaFX Application Thread] INFO  Engine               -       Ask questions and discuss at: https://github.com/AlmasB/FXGL/discussions
13:57:19.094 [JavaFX Application Thread] INFO  Engine               -              Join the FXGL chat at: https://gitter.im/AlmasB/FXGL
13:57:19.323 [JavaFX Application Thread] DEBUG PrimaryStageWindow   - Creating a JavaFX scene
13:57:19.420 [JavaFX Application Thread] DEBUG PrimaryStageWindow   - Target settings size: 700.0 x 500.0
13:57:19.420 [JavaFX Application Thread] DEBUG PrimaryStageWindow   - Scaled scene size:    700.0 x 500.0
13:57:19.421 [JavaFX Application Thread] DEBUG PrimaryStageWindow   - Scaled ratio: (1.0, 1.0)
13:57:19.422 [JavaFX Application Thread] DEBUG PrimaryStageWindow   - Set initial scene to FXGLStartupScene
13:57:19.429 [JavaFX Application Thread] DEBUG PrimaryStageWindow   - Opening main window
13:57:19.561 [JavaFX Application Thread] DEBUG PrimaryStageWindow   - Window border size: (16.0, 39.0)
13:57:19.562 [JavaFX Application Thread] DEBUG PrimaryStageWindow   - Scaled size: 700.0 x 500.0
13:57:19.562 [JavaFX Application Thread] DEBUG PrimaryStageWindow   - Scaled ratio: (1.0, 1.0)
13:57:19.562 [JavaFX Application Thread] DEBUG PrimaryStageWindow   - Scene size: 700.0 x 500.0
13:57:19.563 [JavaFX Application Thread] DEBUG PrimaryStageWindow   - Stage size: 716.0 x 539.0
13:57:19.577 [FXGL Background Thread 1 ] DEBUG Engine               - Initializing environment variables
13:57:19.626 [FXGL Background Thread 1 ] DEBUG FXGLAssetLoaderServi - User app class for loading assets: class com.simulador.app.Main
13:57:19.627 [FXGL Background Thread 1 ] DEBUG GameApplicationServi - Applying CSS: fxgl_dark.css
13:57:19.628 [FXGL Background Thread 1 ] DEBUG FXGLAssetLoaderServi - Loading from file system: jar:file:/C:/Users/gabor/.m2/repository/com/github/almasb/fxgl/17.3/fxgl-17.3.jar!/fxglassets/ui/css/fxgl_dark.css
13:57:19.687 [FXGL Background Thread 1 ] DEBUG GameApplicationServi - Initializing application scenes
13:57:19.754 [FXGL Background Thread 1 ] DEBUG GameWorld            - Game world initialized
13:57:19.849 [FXGL Background Thread 1 ] DEBUG PhysicsWorld         - Physics world initialized: appHeight=500, physics.ppm=50.0
13:57:19.849 [FXGL Background Thread 1 ] DEBUG PhysicsWorld         - Using strategy: BRUTE_FORCE
13:57:19.856 [FXGL Background Thread 1 ] DEBUG GameScene            - Game scene initialized: 700x500
13:57:19.876 [FXGL Background Thread 1 ] WARN  FXGL.DefaultMenu     - FXGLDefaultMenu is not designed for resolutions < 800x600
13:57:19.876 [FXGL Background Thread 1 ] DEBUG FXGL.DefaultMenu     - createMenuBodyGameMenu()
13:57:19.910 [FXGL Background Thread 1 ] DEBUG FXGL.DefaultMenu     - createOptionsMenu()
13:57:19.928 [FXGL Background Thread 1 ] DEBUG FXGLAssetLoaderServi - Loading from file system: jar:file:/C:/Users/gabor/.m2/repository/com/github/almasb/fxgl/17.3/fxgl-17.3.jar!/fxglassets/textures/particles/smoke.png
13:57:20.078 [FXGL Background Thread 1 ] DEBUG FXGLAssetLoaderServi - Loading from file system: jar:file:/C:/Users/gabor/.m2/repository/com/github/almasb/fxgl/17.3/fxgl-17.3.jar!/fxglassets/textures/particles/trace_horizontal.png
13:57:20.114 [FXGL Background Thread 1 ] DEBUG GameApplicationServi - Application scenes initialized
13:57:20.144 [FXGL Background Thread 1 ] DEBUG SystemBundleService  - Loading FXGL system data
13:57:20.146 [FXGL Background Thread 1 ] DEBUG FileSystemAccess     - Reading from: C:\Users\gabor\IdeaProjects\Restaurant_S\system\fxgl.bundle
13:57:20.152 [FXGL Background Thread 1 ] DEBUG SystemBundleService  - Bundle FXGL: {}
13:57:20.152 [FXGL Background Thread 1 ] DEBUG UpdaterService       - Checking for updates
13:57:20.158 [FXGL Background Thread 4 ] DEBUG FXGLApplication      - Loading fonts
13:57:20.159 [FXGL Background Thread 4 ] DEBUG FXGLAssetLoaderServi - Loading from file system: jar:file:/C:/Users/gabor/.m2/repository/com/github/almasb/fxgl/17.3/fxgl-17.3.jar!/fxglassets/ui/fonts/VarelaRound-Regular.ttf
13:57:20.159 [FXGL Background Thread 1 ] DEBUG FXGLApplication      - Loading default localization
13:57:20.160 [FXGL Background Thread 1 ] DEBUG FXGLAssetLoaderServi - Loading from file system: jar:file:/C:/Users/gabor/.m2/repository/com/github/almasb/fxgl/17.3/fxgl-17.3.jar!/fxglassets/languages/english.lang
13:57:20.172 [FXGL Background Thread 4 ] DEBUG FXGLAssetLoaderServi - Loading from file system: jar:file:/C:/Users/gabor/.m2/repository/com/github/almasb/fxgl/17.3/fxgl-17.3.jar!/fxglassets/ui/fonts/Abel-Regular.ttf
13:57:20.179 [FXGL Background Thread 4 ] DEBUG FXGLAssetLoaderServi - Loading from file system: jar:file:/C:/Users/gabor/.m2/repository/com/github/almasb/fxgl/17.3/fxgl-17.3.jar!/fxglassets/ui/fonts/TerminalLandMono-Regular.otf
13:57:20.186 [FXGL Background Thread 4 ] DEBUG FXGLAssetLoaderServi - Loading from file system: jar:file:/C:/Users/gabor/.m2/repository/com/github/almasb/fxgl/17.3/fxgl-17.3.jar!/fxglassets/ui/fonts/Courier-Prime.ttf
13:57:20.194 [FXGL Background Thread 1 ] INFO  FXGLApplication      - FXGL initialization took: 0.618 sec
13:57:20.196 [JavaFX Application Thread] DEBUG FXGLAssetLoaderServi - Loading from file system: jar:file:/C:/Users/gabor/.m2/repository/com/github/almasb/fxgl/17.3/fxgl-17.3.jar!/fxglassets/textures/fxgl_icon.png
13:57:20.216 [JavaFX Application Thread] DEBUG FXGLAssetLoaderServi - Loading from file system: jar:file:/C:/Users/gabor/.m2/repository/com/github/almasb/fxgl/17.3/fxgl-17.3.jar!/fxglassets/textures/fxgl_default_cursor.png
13:57:20.232 [JavaFX Application Thread] DEBUG Input                - Registered new binding: Screenshot - CTRL+8
13:57:20.233 [JavaFX Application Thread] DEBUG Input                - Registered new binding: System info dump - CTRL+9
13:57:20.233 [JavaFX Application Thread] DEBUG Input                - Registered new binding: Restart - CTRL+R
13:57:20.234 [JavaFX Application Thread] DEBUG Input                - Registered new binding: Toggle Debug Camera - CTRL+7
13:57:20.239 [JavaFX Application Thread] DEBUG LoopRunner           - Starting loop
13:57:20.240 [JavaFX Application Thread] DEBUG LoopRunner           - Initializing JavaFX AnimationTimerLoop
13:57:20.242 [JavaFX Application Thread] DEBUG GameApplicationServi - Starting new game
13:57:20.243 [JavaFX Application Thread] DEBUG Input                - Clearing active input actions
13:57:20.260 [JavaFX Application Thread] DEBUG GameApplicationServi - Removing overlay from FXGLStartupScene and adding to FXGLLoadingScene
13:57:20.261 [JavaFX Application Thread] DEBUG PrimaryStageWindow   - FXGLStartupScene -> FXGLLoadingScene
13:57:20.263 [JavaFX Application Thread] DEBUG GameApplicationServi - Clearing previous game
13:57:20.263 [JavaFX Application Thread] DEBUG GameScene            - Clearing game scene
13:57:20.263 [JavaFX Application Thread] DEBUG GameWorld            - Clearing game world
13:57:20.264 [JavaFX Application Thread] DEBUG PhysicsWorld         - Clearing physics world
13:57:20.267 [FXGL Background Thread 4 ] DEBUG FXGLApplication      - Initializing game
13:57:20.267 [JavaFX Application Thread] DEBUG FXGLApplication      - Registering font factories with UI factory
13:57:20.469 [FXGL Background Thread 2 ] WARN  UpdaterService       - Failed to find updates: java.net.UnknownHostException: raw.githubusercontent.com
13:57:20.601 [FXGL Background Thread 4 ] INFO  FXGLApplication      - Game initialization took: 0.334 sec
13:57:20.604 [JavaFX Application Thread] DEBUG Input                - Clearing active input actions
13:57:20.624 [JavaFX Application Thread] DEBUG GameApplicationServi - Removing overlay from FXGLLoadingScene and adding to GameScene
13:57:20.624 [JavaFX Application Thread] DEBUG PrimaryStageWindow   - FXGLLoadingScene -> GameScene
13:57:23.157 [FXGL Background Thread 3 ] DEBUG Engine               - Logging environment variables
13:57:23.158 [FXGL Background Thread 3 ] DEBUG Engine               - achievements: []
13:57:23.158 [FXGL Background Thread 3 ] DEBUG Engine               - actualHeight: 500.0
13:57:23.158 [FXGL Background Thread 3 ] DEBUG Engine               - actualHeightProperty: ReadOnlyDoubleProperty [value: 500.0]
13:57:23.159 [FXGL Background Thread 3 ] DEBUG Engine               - actualWidth: 700.0
13:57:23.159 [FXGL Background Thread 3 ] DEBUG Engine               - actualWidthProperty: ReadOnlyDoubleProperty [value: 700.0]
13:57:23.159 [FXGL Background Thread 3 ] DEBUG Engine               - appIcon: fxgl_icon.png
13:57:23.159 [FXGL Background Thread 3 ] DEBUG Engine               - applicationMode: DEVELOPER
13:57:23.159 [FXGL Background Thread 3 ] DEBUG Engine               - cSSList: [fxgl_dark.css]
13:57:23.159 [FXGL Background Thread 3 ] DEBUG Engine               - collisionDetectionStrategy: BRUTE_FORCE
13:57:23.159 [FXGL Background Thread 3 ] DEBUG Engine               - configClass: Optional.empty
13:57:23.159 [FXGL Background Thread 3 ] DEBUG Engine               - credits: []
13:57:23.160 [FXGL Background Thread 3 ] DEBUG Engine               - defaultCursor: CursorInfo(imageName=fxgl_default_cursor.png, hotspotX=7.0, hotspotY=6.0)
13:57:23.161 [FXGL Background Thread 3 ] DEBUG Engine               - devBBoxColorProperty: ObjectProperty [value: 0xff0000ff]
13:57:23.161 [FXGL Background Thread 3 ] DEBUG Engine               - devEnableDebugCameraProperty: BooleanProperty [value: false]
13:57:23.161 [FXGL Background Thread 3 ] DEBUG Engine               - devSensorColorProperty: ObjectProperty [value: 0xffff00ff]
13:57:23.162 [FXGL Background Thread 3 ] DEBUG Engine               - devShowBBoxProperty: BooleanProperty [value: false]
13:57:23.162 [FXGL Background Thread 3 ] DEBUG Engine               - devShowPositionProperty: BooleanProperty [value: false]
13:57:23.162 [FXGL Background Thread 3 ] DEBUG Engine               - enabledMenuItems: []
13:57:23.163 [FXGL Background Thread 3 ] DEBUG Engine               - engineServices: [class com.almasb.fxgl.app.services.FXGLAssetLoaderService, class com.almasb.fxgl.app.FXGLApplication$GameApplicationService, class com.almasb.fxgl.app.services.FXGLDialogService, class com.almasb.fxgl.app.services.IOTaskExecutorService, class com.almasb.fxgl.io.FileSystemService, class com.almasb.fxgl.localization.LocalizationService, class com.almasb.fxgl.app.services.SystemBundleService, class com.almasb.fxgl.profile.SaveLoadService, class com.almasb.fxgl.ui.FXGLUIFactoryServiceProvider, class com.almasb.fxgl.ui.FXGLDialogFactoryServiceProvider, class com.almasb.fxgl.audio.AudioPlayer, class com.almasb.fxgl.notification.impl.NotificationServiceProvider, class com.almasb.fxgl.achievement.AchievementService, class com.almasb.fxgl.cutscene.CutsceneService, class com.almasb.fxgl.minigames.MiniGameService, class com.almasb.fxgl.net.NetService, class com.almasb.fxgl.app.services.UpdaterService, class com.almasb.fxgl.dev.DevService]
13:57:23.163 [FXGL Background Thread 3 ] DEBUG Engine               - fontGame: Abel-Regular.ttf
13:57:23.163 [FXGL Background Thread 3 ] DEBUG Engine               - fontMono: TerminalLandMono-Regular.otf
13:57:23.163 [FXGL Background Thread 3 ] DEBUG Engine               - fontSizeScaleUI: 1.0
13:57:23.163 [FXGL Background Thread 3 ] DEBUG Engine               - fontText: Courier-Prime.ttf
13:57:23.163 [FXGL Background Thread 3 ] DEBUG Engine               - fontUI: VarelaRound-Regular.ttf
13:57:23.164 [FXGL Background Thread 3 ] DEBUG Engine               - fullScreen: BooleanProperty [value: false]
13:57:23.164 [FXGL Background Thread 3 ] DEBUG Engine               - gameDifficulty: MEDIUM
13:57:23.164 [FXGL Background Thread 3 ] DEBUG Engine               - gameDifficultyProperty: ObjectProperty [value: MEDIUM]
13:57:23.164 [FXGL Background Thread 3 ] DEBUG Engine               - globalMusicVolume: 0.5
13:57:23.164 [FXGL Background Thread 3 ] DEBUG Engine               - globalMusicVolumeProperty: DoubleProperty [value: 0.5]
13:57:23.164 [FXGL Background Thread 3 ] DEBUG Engine               - globalSoundVolume: 0.5
13:57:23.164 [FXGL Background Thread 3 ] DEBUG Engine               - globalSoundVolumeProperty: DoubleProperty [value: 0.5]
13:57:23.164 [FXGL Background Thread 3 ] DEBUG Engine               - height: 500
13:57:23.165 [FXGL Background Thread 3 ] DEBUG Engine               - is3D: false
13:57:23.165 [FXGL Background Thread 3 ] DEBUG Engine               - isAndroid: false
13:57:23.165 [FXGL Background Thread 3 ] DEBUG Engine               - isBrowser: false
13:57:23.165 [FXGL Background Thread 3 ] DEBUG Engine               - isClickFeedbackEnabled: false
13:57:23.165 [FXGL Background Thread 3 ] DEBUG Engine               - isCloseConfirmation: false
13:57:23.165 [FXGL Background Thread 3 ] DEBUG Engine               - isDesktop: true
13:57:23.165 [FXGL Background Thread 3 ] DEBUG Engine               - isDeveloperMenuEnabled: false
13:57:23.165 [FXGL Background Thread 3 ] DEBUG Engine               - isEmbedded: false
13:57:23.165 [FXGL Background Thread 3 ] DEBUG Engine               - isEntityPreloadEnabled: true
13:57:23.165 [FXGL Background Thread 3 ] DEBUG Engine               - isExperimentalTiledLargeMap: false
13:57:23.166 [FXGL Background Thread 3 ] DEBUG Engine               - isFileSystemWriteAllowed: true
13:57:23.166 [FXGL Background Thread 3 ] DEBUG Engine               - isFullScreenAllowed: false
13:57:23.166 [FXGL Background Thread 3 ] DEBUG Engine               - isFullScreenFromStart: false
13:57:23.167 [FXGL Background Thread 3 ] DEBUG Engine               - isGameMenuEnabled: true
13:57:23.167 [FXGL Background Thread 3 ] DEBUG Engine               - isIOS: false
13:57:23.167 [FXGL Background Thread 3 ] DEBUG Engine               - isIntroEnabled: false
13:57:23.167 [FXGL Background Thread 3 ] DEBUG Engine               - isLinux: false
13:57:23.167 [FXGL Background Thread 3 ] DEBUG Engine               - isMac: false
13:57:23.167 [FXGL Background Thread 3 ] DEBUG Engine               - isMainMenuEnabled: false
13:57:23.167 [FXGL Background Thread 3 ] DEBUG Engine               - isManualResizeEnabled: false
13:57:23.168 [FXGL Background Thread 3 ] DEBUG Engine               - isMobile: false
13:57:23.168 [FXGL Background Thread 3 ] DEBUG Engine               - isNative: false
13:57:23.168 [FXGL Background Thread 3 ] DEBUG Engine               - isPauseMusicWhenMinimized: true
13:57:23.168 [FXGL Background Thread 3 ] DEBUG Engine               - isPreserveResizeRatio: false
13:57:23.169 [FXGL Background Thread 3 ] DEBUG Engine               - isProfilingEnabled: false
13:57:23.169 [FXGL Background Thread 3 ] DEBUG Engine               - isScaleAffectedOnResize: true
13:57:23.169 [FXGL Background Thread 3 ] DEBUG Engine               - isSingleStep: false
13:57:23.169 [FXGL Background Thread 3 ] DEBUG Engine               - isUserProfileEnabled: false
13:57:23.169 [FXGL Background Thread 3 ] DEBUG Engine               - isWindows: true
13:57:23.169 [FXGL Background Thread 3 ] DEBUG Engine               - language: ObjectProperty [value: ENGLISH]
13:57:23.169 [FXGL Background Thread 3 ] DEBUG Engine               - menuKey: ESCAPE
13:57:23.170 [FXGL Background Thread 3 ] DEBUG Engine               - mouseSensitivity: 0.2
13:57:23.170 [FXGL Background Thread 3 ] DEBUG Engine               - notificationViewClass: class com.almasb.fxgl.notification.view.XboxNotificationView
13:57:23.170 [FXGL Background Thread 3 ] DEBUG Engine               - pixelsPerMeter: 50.0
13:57:23.170 [FXGL Background Thread 3 ] DEBUG Engine               - platform: WINDOWS
13:57:23.170 [FXGL Background Thread 3 ] DEBUG Engine               - prefHeightProperty: ReadOnlyDoubleProperty [value: 500.0]
13:57:23.171 [FXGL Background Thread 3 ] DEBUG Engine               - prefWidthProperty: ReadOnlyDoubleProperty [value: 700.0]
13:57:23.171 [FXGL Background Thread 3 ] DEBUG Engine               - profileDir: profiles/
13:57:23.171 [FXGL Background Thread 3 ] DEBUG Engine               - profileName: StringProperty [value: DEFAULT]
13:57:23.171 [FXGL Background Thread 3 ] DEBUG Engine               - randomSeed: -1
13:57:23.172 [FXGL Background Thread 3 ] DEBUG Engine               - runtimeInfo: RuntimeInfo(platform=WINDOWS, version=17.3, build=30.03.2023 11.49)
13:57:23.172 [FXGL Background Thread 3 ] DEBUG Engine               - saveFileExt: sav
13:57:23.172 [FXGL Background Thread 3 ] DEBUG Engine               - scaledHeightProp$fxgl: DoubleProperty [bound, value: 500.0]
13:57:23.172 [FXGL Background Thread 3 ] DEBUG Engine               - scaledWidthProp$fxgl: DoubleProperty [bound, value: 700.0]
13:57:23.172 [FXGL Background Thread 3 ] DEBUG Engine               - sceneFactory: com.almasb.fxgl.app.scene.SceneFactory@cab0333
13:57:23.173 [FXGL Background Thread 3 ] DEBUG Engine               - secondsIn24h: 60
13:57:23.173 [FXGL Background Thread 3 ] DEBUG Engine               - soundMenuBack: menu/back.wav
13:57:23.173 [FXGL Background Thread 3 ] DEBUG Engine               - soundMenuPress: menu/press.wav
13:57:23.173 [FXGL Background Thread 3 ] DEBUG Engine               - soundMenuSelect: menu/select.wav
13:57:23.173 [FXGL Background Thread 3 ] DEBUG Engine               - soundNotification: core/notification.wav
13:57:23.173 [FXGL Background Thread 3 ] DEBUG Engine               - stageStyle: DECORATED
13:57:23.173 [FXGL Background Thread 3 ] DEBUG Engine               - supportedLanguages: [ENGLISH, FRENCH, GERMAN, HUNGARIAN, RUSSIAN]
13:57:23.173 [FXGL Background Thread 3 ] DEBUG Engine               - ticksPerSecond: -1
13:57:23.173 [FXGL Background Thread 3 ] DEBUG Engine               - title: Restaurante
13:57:23.174 [FXGL Background Thread 3 ] DEBUG Engine               - urlGithub: https://github.com/AlmasB/FXGL
13:57:23.174 [FXGL Background Thread 3 ] DEBUG Engine               - urlLeaderboard: http://fxgl-top.herokuapp.com/
13:57:23.174 [FXGL Background Thread 3 ] DEBUG Engine               - urlPOM: https://raw.githubusercontent.com/AlmasB/FXGL/release/README.md
13:57:23.174 [FXGL Background Thread 3 ] DEBUG Engine               - userAppClass: class com.simulador.app.Main
13:57:23.174 [FXGL Background Thread 3 ] DEBUG Engine               - version: 0.0
13:57:23.174 [FXGL Background Thread 3 ] DEBUG Engine               - versionCheckDays: 7
13:57:23.174 [FXGL Background Thread 3 ] DEBUG Engine               - width: 700
13:57:23.174 [FXGL Background Thread 3 ] DEBUG Engine               - Logging services
13:57:23.174 [FXGL Background Thread 3 ] DEBUG Engine               - class com.almasb.fxgl.app.services.FXGLAssetLoaderService
13:57:23.174 [FXGL Background Thread 3 ] DEBUG Engine               - class com.almasb.fxgl.app.FXGLApplication$GameApplicationService
13:57:23.175 [FXGL Background Thread 3 ] DEBUG Engine               - class com.almasb.fxgl.app.services.FXGLDialogService
13:57:23.175 [FXGL Background Thread 3 ] DEBUG Engine               - class com.almasb.fxgl.app.services.IOTaskExecutorService
13:57:23.175 [FXGL Background Thread 3 ] DEBUG Engine               - class com.almasb.fxgl.io.FileSystemService
13:57:23.175 [FXGL Background Thread 3 ] DEBUG Engine               - class com.almasb.fxgl.localization.LocalizationService
13:57:23.175 [FXGL Background Thread 3 ] DEBUG Engine               - class com.almasb.fxgl.app.services.SystemBundleService
13:57:23.175 [FXGL Background Thread 3 ] DEBUG Engine               - class com.almasb.fxgl.profile.SaveLoadService
13:57:23.176 [FXGL Background Thread 3 ] DEBUG Engine               - class com.almasb.fxgl.ui.FXGLUIFactoryServiceProvider
13:57:23.176 [FXGL Background Thread 3 ] DEBUG Engine               - class com.almasb.fxgl.ui.FXGLDialogFactoryServiceProvider
13:57:23.176 [FXGL Background Thread 3 ] DEBUG Engine               - class com.almasb.fxgl.audio.AudioPlayer
13:57:23.176 [FXGL Background Thread 3 ] DEBUG Engine               - class com.almasb.fxgl.notification.impl.NotificationServiceProvider
13:57:23.176 [FXGL Background Thread 3 ] DEBUG Engine               - class com.almasb.fxgl.achievement.AchievementService
13:57:23.176 [FXGL Background Thread 3 ] DEBUG Engine               - class com.almasb.fxgl.cutscene.CutsceneService
13:57:23.176 [FXGL Background Thread 3 ] DEBUG Engine               - class com.almasb.fxgl.minigames.MiniGameService
13:57:23.176 [FXGL Background Thread 3 ] DEBUG Engine               - class com.almasb.fxgl.net.NetService
13:57:23.176 [FXGL Background Thread 3 ] DEBUG Engine               - class com.almasb.fxgl.app.services.UpdaterService
13:57:23.176 [FXGL Background Thread 3 ] DEBUG Engine               - class com.almasb.fxgl.dev.DevService
13:57:52.796 [JavaFX Application Thread] DEBUG FXGLApplication      - Exiting FXGL
13:57:52.796 [JavaFX Application Thread] DEBUG LoopRunner           - Stopping loop
13:57:52.796 [JavaFX Application Thread] DEBUG SystemBundleService  - Saving FXGL system data
13:57:52.798 [JavaFX Application Thread] DEBUG FileSystemAccess     - Writing to: C:\Users\gabor\IdeaProjects\Restaurant_S\system\fxgl.bundle
13:57:52.802 [JavaFX Application Thread] DEBUG Async                - Shutting down background threads
13:57:52.802 [JavaFX Application Thread] DEBUG PrimaryStageWindow   - Closing main window
13:57:52.817 [JavaFX Application Thread] DEBUG Logger               - Closing Logger
