06:44:55.305 [main                     ] DEBUG Logger               - Configured Logger
06:44:55.319 [main                     ] DEBUG GameApplication      - Logging settings
Title: Restaurante
Version: 0.0
Width: 700
Height: 500
Fullscreen: false
Intro: false
Profiling: false
Single step:false
App Mode: DEVELOPER
Menu Key: ESCAPE
Stage Style: DECORATED
Scene Factory: class com.almasb.fxgl.app.scene.SceneFactory

06:44:55.629 [JavaFX Application Thread] DEBUG FXGLApplication      - Initializing FXGL
06:44:55.631 [JavaFX Application Thread] INFO  Engine               - FXGL-17.3 (30.03.2023 11.49) on LINUX (J:21.0.5 FX:21)
06:44:55.632 [JavaFX Application Thread] DEBUG Engine               - JRE Vendor Name: Red Hat, Inc.
06:44:55.632 [JavaFX Application Thread] DEBUG Engine               - Running on OS: Linux version 6.10.8-200.fc40.x86_64
06:44:55.632 [JavaFX Application Thread] DEBUG Engine               - Architecture: amd64
06:44:55.632 [JavaFX Application Thread] INFO  Engine               - Source code and latest versions at: https://github.com/AlmasB/FXGL
06:44:55.632 [JavaFX Application Thread] INFO  Engine               -       Ask questions and discuss at: https://github.com/AlmasB/FXGL/discussions
06:44:55.632 [JavaFX Application Thread] INFO  Engine               -              Join the FXGL chat at: https://gitter.im/AlmasB/FXGL
06:44:55.685 [JavaFX Application Thread] DEBUG PrimaryStageWindow   - Creating a JavaFX scene
06:44:55.726 [JavaFX Application Thread] DEBUG PrimaryStageWindow   - Target settings size: 700.0 x 500.0
06:44:55.727 [JavaFX Application Thread] DEBUG PrimaryStageWindow   - Scaled scene size:    700.0 x 500.0
06:44:55.727 [JavaFX Application Thread] DEBUG PrimaryStageWindow   - Scaled ratio: (1.0, 1.0)
06:44:55.727 [JavaFX Application Thread] DEBUG PrimaryStageWindow   - Set initial scene to FXGLStartupScene
06:44:55.729 [JavaFX Application Thread] DEBUG PrimaryStageWindow   - Opening main window
06:44:55.751 [JavaFX Application Thread] DEBUG PrimaryStageWindow   - Window border size: (0.0, 35.0)
06:44:55.751 [JavaFX Application Thread] DEBUG PrimaryStageWindow   - Scaled size: 700.0 x 465.0
06:44:55.751 [JavaFX Application Thread] DEBUG PrimaryStageWindow   - Scaled ratio: (1.0, 0.93)
06:44:55.752 [JavaFX Application Thread] DEBUG PrimaryStageWindow   - Scene size: 700.0 x 500.0
06:44:55.752 [JavaFX Application Thread] DEBUG PrimaryStageWindow   - Stage size: 700.0 x 500.0
06:44:55.759 [FXGL Background Thread 1 ] DEBUG Engine               - Initializing environment variables
06:44:55.778 [FXGL Background Thread 1 ] DEBUG FXGLAssetLoaderServi - User app class for loading assets: class com.simulador.app.Main
06:44:55.778 [FXGL Background Thread 1 ] DEBUG GameApplicationServi - Applying CSS: fxgl_dark.css
06:44:55.778 [FXGL Background Thread 1 ] DEBUG FXGLAssetLoaderServi - Loading from file system: jar:file:/home/zulito420/.m2/repository/com/github/almasb/fxgl/17.3/fxgl-17.3.jar!/fxglassets/ui/css/fxgl_dark.css
06:44:55.801 [FXGL Background Thread 1 ] DEBUG GameApplicationServi - Initializing application scenes
06:44:55.824 [FXGL Background Thread 1 ] DEBUG GameWorld            - Game world initialized
06:44:55.852 [FXGL Background Thread 1 ] DEBUG PhysicsWorld         - Physics world initialized: appHeight=500, physics.ppm=50.0
06:44:55.852 [FXGL Background Thread 1 ] DEBUG PhysicsWorld         - Using strategy: BRUTE_FORCE
06:44:55.854 [FXGL Background Thread 1 ] DEBUG GameScene            - Game scene initialized: 700x500
06:44:55.862 [FXGL Background Thread 1 ] WARN  FXGL.DefaultMenu     - FXGLDefaultMenu is not designed for resolutions < 800x600
06:44:55.862 [FXGL Background Thread 1 ] DEBUG FXGL.DefaultMenu     - createMenuBodyGameMenu()
06:44:55.874 [FXGL Background Thread 1 ] DEBUG FXGL.DefaultMenu     - createOptionsMenu()
06:44:55.881 [FXGL Background Thread 1 ] DEBUG FXGLAssetLoaderServi - Loading from file system: jar:file:/home/zulito420/.m2/repository/com/github/almasb/fxgl/17.3/fxgl-17.3.jar!/fxglassets/textures/particles/smoke.png
06:44:55.939 [FXGL Background Thread 1 ] DEBUG FXGLAssetLoaderServi - Loading from file system: jar:file:/home/zulito420/.m2/repository/com/github/almasb/fxgl/17.3/fxgl-17.3.jar!/fxglassets/textures/particles/trace_horizontal.png
06:44:55.959 [FXGL Background Thread 1 ] DEBUG GameApplicationServi - Application scenes initialized
06:44:55.967 [FXGL Background Thread 1 ] DEBUG SystemBundleService  - Loading FXGL system data
06:44:55.968 [FXGL Background Thread 1 ] DEBUG FileSystemAccess     - Reading from: /home/zulito420/Documentos/ProgramacionConcurrente/Restaurant_S/system/fxgl.bundle
06:44:55.969 [FXGL Background Thread 1 ] DEBUG SystemBundleService  - Bundle FXGL: {}
06:44:55.969 [FXGL Background Thread 1 ] DEBUG UpdaterService       - Checking for updates
06:44:55.971 [FXGL Background Thread 4 ] DEBUG FXGLApplication      - Loading fonts
06:44:55.972 [FXGL Background Thread 4 ] DEBUG FXGLAssetLoaderServi - Loading from file system: jar:file:/home/zulito420/.m2/repository/com/github/almasb/fxgl/17.3/fxgl-17.3.jar!/fxglassets/ui/fonts/VarelaRound-Regular.ttf
06:44:55.972 [FXGL Background Thread 1 ] DEBUG FXGLApplication      - Loading default localization
06:44:55.972 [FXGL Background Thread 1 ] DEBUG FXGLAssetLoaderServi - Loading from file system: jar:file:/home/zulito420/.m2/repository/com/github/almasb/fxgl/17.3/fxgl-17.3.jar!/fxglassets/languages/english.lang
06:44:55.977 [FXGL Background Thread 4 ] DEBUG FXGLAssetLoaderServi - Loading from file system: jar:file:/home/zulito420/.m2/repository/com/github/almasb/fxgl/17.3/fxgl-17.3.jar!/fxglassets/ui/fonts/Abel-Regular.ttf
06:44:55.978 [FXGL Background Thread 4 ] DEBUG FXGLAssetLoaderServi - Loading from file system: jar:file:/home/zulito420/.m2/repository/com/github/almasb/fxgl/17.3/fxgl-17.3.jar!/fxglassets/ui/fonts/TerminalLandMono-Regular.otf
06:44:55.979 [FXGL Background Thread 4 ] DEBUG FXGLAssetLoaderServi - Loading from file system: jar:file:/home/zulito420/.m2/repository/com/github/almasb/fxgl/17.3/fxgl-17.3.jar!/fxglassets/ui/fonts/Courier-Prime.ttf
06:44:55.985 [JavaFX Application Thread] DEBUG FXGLApplication      - Registering font factories with UI factory
06:44:55.989 [FXGL Background Thread 1 ] INFO  FXGLApplication      - FXGL initialization took: 0.229 sec
06:44:55.989 [JavaFX Application Thread] DEBUG FXGLAssetLoaderServi - Loading from file system: jar:file:/home/zulito420/.m2/repository/com/github/almasb/fxgl/17.3/fxgl-17.3.jar!/fxglassets/textures/fxgl_icon.png
06:44:56.011 [JavaFX Application Thread] DEBUG FXGLAssetLoaderServi - Loading from file system: jar:file:/home/zulito420/.m2/repository/com/github/almasb/fxgl/17.3/fxgl-17.3.jar!/fxglassets/textures/fxgl_default_cursor.png
06:44:56.018 [JavaFX Application Thread] DEBUG Input                - Registered new binding: Screenshot - CTRL+8
06:44:56.018 [JavaFX Application Thread] DEBUG Input                - Registered new binding: System info dump - CTRL+9
06:44:56.019 [JavaFX Application Thread] DEBUG Input                - Registered new binding: Restart - CTRL+R
06:44:56.019 [JavaFX Application Thread] DEBUG Input                - Registered new binding: Toggle Debug Camera - CTRL+7
06:44:56.021 [JavaFX Application Thread] DEBUG LoopRunner           - Starting loop
06:44:56.021 [JavaFX Application Thread] DEBUG LoopRunner           - Initializing JavaFX AnimationTimerLoop
06:44:56.022 [JavaFX Application Thread] DEBUG GameApplicationServi - Starting new game
06:44:56.022 [JavaFX Application Thread] DEBUG Input                - Clearing active input actions
06:44:56.029 [JavaFX Application Thread] DEBUG GameApplicationServi - Removing overlay from FXGLStartupScene and adding to FXGLLoadingScene
06:44:56.029 [JavaFX Application Thread] DEBUG PrimaryStageWindow   - FXGLStartupScene -> FXGLLoadingScene
06:44:56.029 [JavaFX Application Thread] DEBUG GameApplicationServi - Clearing previous game
06:44:56.029 [JavaFX Application Thread] DEBUG GameScene            - Clearing game scene
06:44:56.029 [JavaFX Application Thread] DEBUG GameWorld            - Clearing game world
06:44:56.029 [JavaFX Application Thread] DEBUG PhysicsWorld         - Clearing physics world
06:44:56.030 [FXGL Background Thread 1 ] DEBUG FXGLApplication      - Initializing game
06:44:56.338 [FXGL Background Thread 1 ] INFO  FXGLApplication      - Game initialization took: 0.307 sec
06:44:56.340 [JavaFX Application Thread] DEBUG Input                - Clearing active input actions
06:44:56.350 [JavaFX Application Thread] DEBUG GameApplicationServi - Removing overlay from FXGLLoadingScene and adding to GameScene
06:44:56.350 [JavaFX Application Thread] DEBUG PrimaryStageWindow   - FXGLLoadingScene -> GameScene
06:44:56.424 [FXGL Background Thread 2 ] INFO  UpdaterService       - Your current version:  17.3
06:44:56.424 [FXGL Background Thread 2 ] INFO  UpdaterService       - Latest stable version: 21.1
06:44:58.971 [FXGL Background Thread 3 ] DEBUG Engine               - Logging environment variables
06:44:58.972 [FXGL Background Thread 3 ] DEBUG Engine               - achievements: []
06:44:58.972 [FXGL Background Thread 3 ] DEBUG Engine               - actualHeight: 465.0
06:44:58.972 [FXGL Background Thread 3 ] DEBUG Engine               - actualHeightProperty: ReadOnlyDoubleProperty [value: 495.0]
06:44:58.972 [FXGL Background Thread 3 ] DEBUG Engine               - actualWidth: 700.0
06:44:58.972 [FXGL Background Thread 3 ] DEBUG Engine               - actualWidthProperty: ReadOnlyDoubleProperty [value: 700.0]
06:44:58.973 [FXGL Background Thread 3 ] DEBUG Engine               - appIcon: fxgl_icon.png
06:44:58.973 [FXGL Background Thread 3 ] DEBUG Engine               - applicationMode: DEVELOPER
06:44:58.973 [FXGL Background Thread 3 ] DEBUG Engine               - cSSList: [fxgl_dark.css]
06:44:58.973 [FXGL Background Thread 3 ] DEBUG Engine               - collisionDetectionStrategy: BRUTE_FORCE
06:44:58.973 [FXGL Background Thread 3 ] DEBUG Engine               - configClass: Optional.empty
06:44:58.973 [FXGL Background Thread 3 ] DEBUG Engine               - credits: []
06:44:58.974 [FXGL Background Thread 3 ] DEBUG Engine               - defaultCursor: CursorInfo(imageName=fxgl_default_cursor.png, hotspotX=7.0, hotspotY=6.0)
06:44:58.974 [FXGL Background Thread 3 ] DEBUG Engine               - devBBoxColorProperty: ObjectProperty [value: 0xff0000ff]
06:44:58.974 [FXGL Background Thread 3 ] DEBUG Engine               - devEnableDebugCameraProperty: BooleanProperty [value: false]
06:44:58.974 [FXGL Background Thread 3 ] DEBUG Engine               - devSensorColorProperty: ObjectProperty [value: 0xffff00ff]
06:44:58.974 [FXGL Background Thread 3 ] DEBUG Engine               - devShowBBoxProperty: BooleanProperty [value: false]
06:44:58.974 [FXGL Background Thread 3 ] DEBUG Engine               - devShowPositionProperty: BooleanProperty [value: false]
06:44:58.974 [FXGL Background Thread 3 ] DEBUG Engine               - enabledMenuItems: []
06:44:58.974 [FXGL Background Thread 3 ] DEBUG Engine               - engineServices: [class com.almasb.fxgl.app.services.FXGLAssetLoaderService, class com.almasb.fxgl.app.FXGLApplication$GameApplicationService, class com.almasb.fxgl.app.services.FXGLDialogService, class com.almasb.fxgl.app.services.IOTaskExecutorService, class com.almasb.fxgl.io.FileSystemService, class com.almasb.fxgl.localization.LocalizationService, class com.almasb.fxgl.app.services.SystemBundleService, class com.almasb.fxgl.profile.SaveLoadService, class com.almasb.fxgl.ui.FXGLUIFactoryServiceProvider, class com.almasb.fxgl.ui.FXGLDialogFactoryServiceProvider, class com.almasb.fxgl.audio.AudioPlayer, class com.almasb.fxgl.notification.impl.NotificationServiceProvider, class com.almasb.fxgl.achievement.AchievementService, class com.almasb.fxgl.cutscene.CutsceneService, class com.almasb.fxgl.minigames.MiniGameService, class com.almasb.fxgl.net.NetService, class com.almasb.fxgl.app.services.UpdaterService, class com.almasb.fxgl.dev.DevService]
06:44:58.974 [FXGL Background Thread 3 ] DEBUG Engine               - fontGame: Abel-Regular.ttf
06:44:58.975 [FXGL Background Thread 3 ] DEBUG Engine               - fontMono: TerminalLandMono-Regular.otf
06:44:58.975 [FXGL Background Thread 3 ] DEBUG Engine               - fontSizeScaleUI: 1.0
06:44:58.975 [FXGL Background Thread 3 ] DEBUG Engine               - fontText: Courier-Prime.ttf
06:44:58.975 [FXGL Background Thread 3 ] DEBUG Engine               - fontUI: VarelaRound-Regular.ttf
06:44:58.975 [FXGL Background Thread 3 ] DEBUG Engine               - fullScreen: BooleanProperty [value: false]
06:44:58.975 [FXGL Background Thread 3 ] DEBUG Engine               - gameDifficulty: MEDIUM
06:44:58.975 [FXGL Background Thread 3 ] DEBUG Engine               - gameDifficultyProperty: ObjectProperty [value: MEDIUM]
06:44:58.975 [FXGL Background Thread 3 ] DEBUG Engine               - globalMusicVolume: 0.5
06:44:58.975 [FXGL Background Thread 3 ] DEBUG Engine               - globalMusicVolumeProperty: DoubleProperty [value: 0.5]
06:44:58.975 [FXGL Background Thread 3 ] DEBUG Engine               - globalSoundVolume: 0.5
06:44:58.975 [FXGL Background Thread 3 ] DEBUG Engine               - globalSoundVolumeProperty: DoubleProperty [value: 0.5]
06:44:58.976 [FXGL Background Thread 3 ] DEBUG Engine               - height: 500
06:44:58.976 [FXGL Background Thread 3 ] DEBUG Engine               - is3D: false
06:44:58.976 [FXGL Background Thread 3 ] DEBUG Engine               - isAndroid: false
06:44:58.976 [FXGL Background Thread 3 ] DEBUG Engine               - isBrowser: false
06:44:58.976 [FXGL Background Thread 3 ] DEBUG Engine               - isClickFeedbackEnabled: false
06:44:58.976 [FXGL Background Thread 3 ] DEBUG Engine               - isCloseConfirmation: false
06:44:58.976 [FXGL Background Thread 3 ] DEBUG Engine               - isDesktop: true
06:44:58.976 [FXGL Background Thread 3 ] DEBUG Engine               - isDeveloperMenuEnabled: false
06:44:58.976 [FXGL Background Thread 3 ] DEBUG Engine               - isEmbedded: false
06:44:58.976 [FXGL Background Thread 3 ] DEBUG Engine               - isEntityPreloadEnabled: true
06:44:58.976 [FXGL Background Thread 3 ] DEBUG Engine               - isExperimentalTiledLargeMap: false
06:44:58.976 [FXGL Background Thread 3 ] DEBUG Engine               - isFileSystemWriteAllowed: true
06:44:58.976 [FXGL Background Thread 3 ] DEBUG Engine               - isFullScreenAllowed: false
06:44:58.976 [FXGL Background Thread 3 ] DEBUG Engine               - isFullScreenFromStart: false
06:44:58.976 [FXGL Background Thread 3 ] DEBUG Engine               - isGameMenuEnabled: true
06:44:58.976 [FXGL Background Thread 3 ] DEBUG Engine               - isIOS: false
06:44:58.976 [FXGL Background Thread 3 ] DEBUG Engine               - isIntroEnabled: false
06:44:58.976 [FXGL Background Thread 3 ] DEBUG Engine               - isLinux: true
06:44:58.976 [FXGL Background Thread 3 ] DEBUG Engine               - isMac: false
06:44:58.976 [FXGL Background Thread 3 ] DEBUG Engine               - isMainMenuEnabled: false
06:44:58.976 [FXGL Background Thread 3 ] DEBUG Engine               - isManualResizeEnabled: false
06:44:58.976 [FXGL Background Thread 3 ] DEBUG Engine               - isMobile: false
06:44:58.976 [FXGL Background Thread 3 ] DEBUG Engine               - isNative: false
06:44:58.976 [FXGL Background Thread 3 ] DEBUG Engine               - isPauseMusicWhenMinimized: true
06:44:58.976 [FXGL Background Thread 3 ] DEBUG Engine               - isPreserveResizeRatio: false
06:44:58.976 [FXGL Background Thread 3 ] DEBUG Engine               - isProfilingEnabled: false
06:44:58.976 [FXGL Background Thread 3 ] DEBUG Engine               - isScaleAffectedOnResize: true
06:44:58.976 [FXGL Background Thread 3 ] DEBUG Engine               - isSingleStep: false
06:44:58.977 [FXGL Background Thread 3 ] DEBUG Engine               - isUserProfileEnabled: false
06:44:58.977 [FXGL Background Thread 3 ] DEBUG Engine               - isWindows: false
06:44:58.977 [FXGL Background Thread 3 ] DEBUG Engine               - language: ObjectProperty [value: ENGLISH]
06:44:58.977 [FXGL Background Thread 3 ] DEBUG Engine               - menuKey: ESCAPE
06:44:58.977 [FXGL Background Thread 3 ] DEBUG Engine               - mouseSensitivity: 0.2
06:44:58.977 [FXGL Background Thread 3 ] DEBUG Engine               - notificationViewClass: class com.almasb.fxgl.notification.view.XboxNotificationView
06:44:58.977 [FXGL Background Thread 3 ] DEBUG Engine               - pixelsPerMeter: 50.0
06:44:58.977 [FXGL Background Thread 3 ] DEBUG Engine               - platform: LINUX
06:44:58.977 [FXGL Background Thread 3 ] DEBUG Engine               - prefHeightProperty: ReadOnlyDoubleProperty [value: 500.0]
06:44:58.977 [FXGL Background Thread 3 ] DEBUG Engine               - prefWidthProperty: ReadOnlyDoubleProperty [value: 700.0]
06:44:58.977 [FXGL Background Thread 3 ] DEBUG Engine               - profileDir: profiles/
06:44:58.977 [FXGL Background Thread 3 ] DEBUG Engine               - profileName: StringProperty [value: DEFAULT]
06:44:58.977 [FXGL Background Thread 3 ] DEBUG Engine               - randomSeed: -1
06:44:58.977 [FXGL Background Thread 3 ] DEBUG Engine               - runtimeInfo: RuntimeInfo(platform=LINUX, version=17.3, build=30.03.2023 11.49)
06:44:58.977 [FXGL Background Thread 3 ] DEBUG Engine               - saveFileExt: sav
06:44:58.977 [FXGL Background Thread 3 ] DEBUG Engine               - scaledHeightProp$fxgl: DoubleProperty [bound, value: 495.0]
06:44:58.977 [FXGL Background Thread 3 ] DEBUG Engine               - scaledWidthProp$fxgl: DoubleProperty [bound, value: 700.0]
06:44:58.977 [FXGL Background Thread 3 ] DEBUG Engine               - sceneFactory: com.almasb.fxgl.app.scene.SceneFactory@29189490
06:44:58.977 [FXGL Background Thread 3 ] DEBUG Engine               - secondsIn24h: 60
06:44:58.977 [FXGL Background Thread 3 ] DEBUG Engine               - soundMenuBack: menu/back.wav
06:44:58.977 [FXGL Background Thread 3 ] DEBUG Engine               - soundMenuPress: menu/press.wav
06:44:58.977 [FXGL Background Thread 3 ] DEBUG Engine               - soundMenuSelect: menu/select.wav
06:44:58.977 [FXGL Background Thread 3 ] DEBUG Engine               - soundNotification: core/notification.wav
06:44:58.977 [FXGL Background Thread 3 ] DEBUG Engine               - stageStyle: DECORATED
06:44:58.977 [FXGL Background Thread 3 ] DEBUG Engine               - supportedLanguages: [ENGLISH, FRENCH, GERMAN, HUNGARIAN, RUSSIAN]
06:44:58.977 [FXGL Background Thread 3 ] DEBUG Engine               - ticksPerSecond: -1
06:44:58.977 [FXGL Background Thread 3 ] DEBUG Engine               - title: Restaurante
06:44:58.977 [FXGL Background Thread 3 ] DEBUG Engine               - urlGithub: https://github.com/AlmasB/FXGL
06:44:58.977 [FXGL Background Thread 3 ] DEBUG Engine               - urlLeaderboard: http://fxgl-top.herokuapp.com/
06:44:58.977 [FXGL Background Thread 3 ] DEBUG Engine               - urlPOM: https://raw.githubusercontent.com/AlmasB/FXGL/release/README.md
06:44:58.977 [FXGL Background Thread 3 ] DEBUG Engine               - userAppClass: class com.simulador.app.Main
06:44:58.977 [FXGL Background Thread 3 ] DEBUG Engine               - version: 0.0
06:44:58.977 [FXGL Background Thread 3 ] DEBUG Engine               - versionCheckDays: 7
06:44:58.977 [FXGL Background Thread 3 ] DEBUG Engine               - width: 700
06:44:58.978 [FXGL Background Thread 3 ] DEBUG Engine               - Logging services
06:44:58.978 [FXGL Background Thread 3 ] DEBUG Engine               - class com.almasb.fxgl.app.services.FXGLAssetLoaderService
06:44:58.978 [FXGL Background Thread 3 ] DEBUG Engine               - class com.almasb.fxgl.app.FXGLApplication$GameApplicationService
06:44:58.978 [FXGL Background Thread 3 ] DEBUG Engine               - class com.almasb.fxgl.app.services.FXGLDialogService
06:44:58.978 [FXGL Background Thread 3 ] DEBUG Engine               - class com.almasb.fxgl.app.services.IOTaskExecutorService
06:44:58.978 [FXGL Background Thread 3 ] DEBUG Engine               - class com.almasb.fxgl.io.FileSystemService
06:44:58.978 [FXGL Background Thread 3 ] DEBUG Engine               - class com.almasb.fxgl.localization.LocalizationService
06:44:58.978 [FXGL Background Thread 3 ] DEBUG Engine               - class com.almasb.fxgl.app.services.SystemBundleService
06:44:58.978 [FXGL Background Thread 3 ] DEBUG Engine               - class com.almasb.fxgl.profile.SaveLoadService
06:44:58.978 [FXGL Background Thread 3 ] DEBUG Engine               - class com.almasb.fxgl.ui.FXGLUIFactoryServiceProvider
06:44:58.978 [FXGL Background Thread 3 ] DEBUG Engine               - class com.almasb.fxgl.ui.FXGLDialogFactoryServiceProvider
06:44:58.978 [FXGL Background Thread 3 ] DEBUG Engine               - class com.almasb.fxgl.audio.AudioPlayer
06:44:58.978 [FXGL Background Thread 3 ] DEBUG Engine               - class com.almasb.fxgl.notification.impl.NotificationServiceProvider
06:44:58.978 [FXGL Background Thread 3 ] DEBUG Engine               - class com.almasb.fxgl.achievement.AchievementService
06:44:58.978 [FXGL Background Thread 3 ] DEBUG Engine               - class com.almasb.fxgl.cutscene.CutsceneService
06:44:58.978 [FXGL Background Thread 3 ] DEBUG Engine               - class com.almasb.fxgl.minigames.MiniGameService
06:44:58.978 [FXGL Background Thread 3 ] DEBUG Engine               - class com.almasb.fxgl.net.NetService
06:44:58.978 [FXGL Background Thread 3 ] DEBUG Engine               - class com.almasb.fxgl.app.services.UpdaterService
06:44:58.978 [FXGL Background Thread 3 ] DEBUG Engine               - class com.almasb.fxgl.dev.DevService
07:23:44.464 [JavaFX Application Thread] DEBUG FXGLApplication      - Exiting FXGL
07:23:44.464 [JavaFX Application Thread] DEBUG LoopRunner           - Stopping loop
07:23:44.464 [JavaFX Application Thread] DEBUG SystemBundleService  - Saving FXGL system data
07:23:44.467 [JavaFX Application Thread] DEBUG FileSystemAccess     - Writing to: /home/zulito420/Documentos/ProgramacionConcurrente/Restaurant_S/system/fxgl.bundle
07:23:44.468 [JavaFX Application Thread] DEBUG Async                - Shutting down background threads
07:23:44.468 [JavaFX Application Thread] DEBUG PrimaryStageWindow   - Closing main window
07:23:44.470 [JavaFX Application Thread] DEBUG Logger               - Closing Logger
