14:02:42.338 [main                     ] DEBUG Logger               - Configured Logger
14:02:42.358 [main                     ] DEBUG GameApplication      - Logging settings
Title: Restaurante
Version: 0.0
Width: 700
Height: 500
Fullscreen: false
Intro: false
Profiling: false
Single step:false
App Mode: DEVELOPER
Menu Key: ESCAPE
Stage Style: DECORATED
Scene Factory: class com.almasb.fxgl.app.scene.SceneFactory

14:02:43.072 [JavaFX Application Thread] DEBUG FXGLApplication      - Initializing FXGL
14:02:43.082 [JavaFX Application Thread] INFO  Engine               - FXGL-17.3 (30.03.2023 11.49) on WINDOWS (J:17.0.13 FX:21)
14:02:43.083 [JavaFX Application Thread] DEBUG Engine               - JRE Vendor Name: Oracle Corporation
14:02:43.083 [JavaFX Application Thread] DEBUG Engine               - Running on OS: Windows 11 version 10.0
14:02:43.084 [JavaFX Application Thread] DEBUG Engine               - Architecture: amd64
14:02:43.084 [JavaFX Application Thread] INFO  Engine               - Source code and latest versions at: https://github.com/AlmasB/FXGL
14:02:43.084 [JavaFX Application Thread] INFO  Engine               -       Ask questions and discuss at: https://github.com/AlmasB/FXGL/discussions
14:02:43.084 [JavaFX Application Thread] INFO  Engine               -              Join the FXGL chat at: https://gitter.im/AlmasB/FXGL
14:02:43.292 [JavaFX Application Thread] DEBUG PrimaryStageWindow   - Creating a JavaFX scene
14:02:43.375 [JavaFX Application Thread] DEBUG PrimaryStageWindow   - Target settings size: 700.0 x 500.0
14:02:43.375 [JavaFX Application Thread] DEBUG PrimaryStageWindow   - Scaled scene size:    700.0 x 500.0
14:02:43.376 [JavaFX Application Thread] DEBUG PrimaryStageWindow   - Scaled ratio: (1.0, 1.0)
14:02:43.378 [JavaFX Application Thread] DEBUG PrimaryStageWindow   - Set initial scene to FXGLStartupScene
14:02:43.386 [JavaFX Application Thread] DEBUG PrimaryStageWindow   - Opening main window
14:02:43.520 [JavaFX Application Thread] DEBUG PrimaryStageWindow   - Window border size: (16.0, 39.0)
14:02:43.520 [JavaFX Application Thread] DEBUG PrimaryStageWindow   - Scaled size: 700.0 x 500.0
14:02:43.521 [JavaFX Application Thread] DEBUG PrimaryStageWindow   - Scaled ratio: (1.0, 1.0)
14:02:43.521 [JavaFX Application Thread] DEBUG PrimaryStageWindow   - Scene size: 700.0 x 500.0
14:02:43.521 [JavaFX Application Thread] DEBUG PrimaryStageWindow   - Stage size: 716.0 x 539.0
14:02:43.529 [FXGL Background Thread 1 ] DEBUG Engine               - Initializing environment variables
14:02:43.585 [FXGL Background Thread 1 ] DEBUG FXGLAssetLoaderServi - User app class for loading assets: class com.simulador.app.Main
14:02:43.585 [FXGL Background Thread 1 ] DEBUG GameApplicationServi - Applying CSS: fxgl_dark.css
14:02:43.587 [FXGL Background Thread 1 ] DEBUG FXGLAssetLoaderServi - Loading from file system: jar:file:/C:/Users/gabor/.m2/repository/com/github/almasb/fxgl/17.3/fxgl-17.3.jar!/fxglassets/ui/css/fxgl_dark.css
14:02:43.642 [FXGL Background Thread 1 ] DEBUG GameApplicationServi - Initializing application scenes
14:02:43.696 [FXGL Background Thread 1 ] DEBUG GameWorld            - Game world initialized
14:02:43.774 [FXGL Background Thread 1 ] DEBUG PhysicsWorld         - Physics world initialized: appHeight=500, physics.ppm=50.0
14:02:43.775 [FXGL Background Thread 1 ] DEBUG PhysicsWorld         - Using strategy: BRUTE_FORCE
14:02:43.780 [FXGL Background Thread 1 ] DEBUG GameScene            - Game scene initialized: 700x500
14:02:43.800 [FXGL Background Thread 1 ] WARN  FXGL.DefaultMenu     - FXGLDefaultMenu is not designed for resolutions < 800x600
14:02:43.801 [FXGL Background Thread 1 ] DEBUG FXGL.DefaultMenu     - createMenuBodyGameMenu()
14:02:43.841 [FXGL Background Thread 1 ] DEBUG FXGL.DefaultMenu     - createOptionsMenu()
14:02:43.857 [FXGL Background Thread 1 ] DEBUG FXGLAssetLoaderServi - Loading from file system: jar:file:/C:/Users/gabor/.m2/repository/com/github/almasb/fxgl/17.3/fxgl-17.3.jar!/fxglassets/textures/particles/smoke.png
14:02:43.979 [FXGL Background Thread 1 ] DEBUG FXGLAssetLoaderServi - Loading from file system: jar:file:/C:/Users/gabor/.m2/repository/com/github/almasb/fxgl/17.3/fxgl-17.3.jar!/fxglassets/textures/particles/trace_horizontal.png
14:02:44.014 [FXGL Background Thread 1 ] DEBUG GameApplicationServi - Application scenes initialized
14:02:44.038 [FXGL Background Thread 1 ] DEBUG SystemBundleService  - Loading FXGL system data
14:02:44.040 [FXGL Background Thread 1 ] DEBUG FileSystemAccess     - Reading from: C:\Users\gabor\IdeaProjects\Restaurant_S\system\fxgl.bundle
14:02:44.045 [FXGL Background Thread 1 ] DEBUG SystemBundleService  - Bundle FXGL: {}
14:02:44.046 [FXGL Background Thread 1 ] DEBUG UpdaterService       - Checking for updates
14:02:44.053 [FXGL Background Thread 4 ] DEBUG FXGLApplication      - Loading fonts
14:02:44.055 [FXGL Background Thread 4 ] DEBUG FXGLAssetLoaderServi - Loading from file system: jar:file:/C:/Users/gabor/.m2/repository/com/github/almasb/fxgl/17.3/fxgl-17.3.jar!/fxglassets/ui/fonts/VarelaRound-Regular.ttf
14:02:44.056 [FXGL Background Thread 1 ] DEBUG FXGLApplication      - Loading default localization
14:02:44.057 [FXGL Background Thread 1 ] DEBUG FXGLAssetLoaderServi - Loading from file system: jar:file:/C:/Users/gabor/.m2/repository/com/github/almasb/fxgl/17.3/fxgl-17.3.jar!/fxglassets/languages/english.lang
14:02:44.073 [FXGL Background Thread 4 ] DEBUG FXGLAssetLoaderServi - Loading from file system: jar:file:/C:/Users/gabor/.m2/repository/com/github/almasb/fxgl/17.3/fxgl-17.3.jar!/fxglassets/ui/fonts/Abel-Regular.ttf
14:02:44.080 [FXGL Background Thread 4 ] DEBUG FXGLAssetLoaderServi - Loading from file system: jar:file:/C:/Users/gabor/.m2/repository/com/github/almasb/fxgl/17.3/fxgl-17.3.jar!/fxglassets/ui/fonts/TerminalLandMono-Regular.otf
14:02:44.088 [FXGL Background Thread 4 ] DEBUG FXGLAssetLoaderServi - Loading from file system: jar:file:/C:/Users/gabor/.m2/repository/com/github/almasb/fxgl/17.3/fxgl-17.3.jar!/fxglassets/ui/fonts/Courier-Prime.ttf
14:02:44.096 [FXGL Background Thread 1 ] INFO  FXGLApplication      - FXGL initialization took: 0.567 sec
14:02:44.097 [JavaFX Application Thread] DEBUG FXGLAssetLoaderServi - Loading from file system: jar:file:/C:/Users/gabor/.m2/repository/com/github/almasb/fxgl/17.3/fxgl-17.3.jar!/fxglassets/textures/fxgl_icon.png
14:02:44.122 [JavaFX Application Thread] DEBUG FXGLAssetLoaderServi - Loading from file system: jar:file:/C:/Users/gabor/.m2/repository/com/github/almasb/fxgl/17.3/fxgl-17.3.jar!/fxglassets/textures/fxgl_default_cursor.png
14:02:44.144 [JavaFX Application Thread] DEBUG Input                - Registered new binding: Screenshot - CTRL+8
14:02:44.145 [JavaFX Application Thread] DEBUG Input                - Registered new binding: System info dump - CTRL+9
14:02:44.146 [JavaFX Application Thread] DEBUG Input                - Registered new binding: Restart - CTRL+R
14:02:44.148 [JavaFX Application Thread] DEBUG Input                - Registered new binding: Toggle Debug Camera - CTRL+7
14:02:44.161 [JavaFX Application Thread] DEBUG LoopRunner           - Starting loop
14:02:44.161 [JavaFX Application Thread] DEBUG LoopRunner           - Initializing JavaFX AnimationTimerLoop
14:02:44.171 [JavaFX Application Thread] DEBUG GameApplicationServi - Starting new game
14:02:44.172 [JavaFX Application Thread] DEBUG Input                - Clearing active input actions
14:02:44.185 [JavaFX Application Thread] DEBUG GameApplicationServi - Removing overlay from FXGLStartupScene and adding to FXGLLoadingScene
14:02:44.185 [JavaFX Application Thread] DEBUG PrimaryStageWindow   - FXGLStartupScene -> FXGLLoadingScene
14:02:44.185 [JavaFX Application Thread] DEBUG GameApplicationServi - Clearing previous game
14:02:44.186 [JavaFX Application Thread] DEBUG GameScene            - Clearing game scene
14:02:44.186 [JavaFX Application Thread] DEBUG GameWorld            - Clearing game world
14:02:44.186 [JavaFX Application Thread] DEBUG PhysicsWorld         - Clearing physics world
14:02:44.190 [FXGL Background Thread 4 ] DEBUG FXGLApplication      - Initializing game
14:02:44.190 [JavaFX Application Thread] DEBUG FXGLApplication      - Registering font factories with UI factory
14:02:44.318 [FXGL Background Thread 2 ] WARN  UpdaterService       - Failed to find updates: java.net.UnknownHostException: raw.githubusercontent.com
14:02:44.426 [FXGL Background Thread 4 ] INFO  FXGLApplication      - Game initialization took: 0.236 sec
14:02:44.436 [JavaFX Application Thread] DEBUG Input                - Clearing active input actions
14:02:44.446 [JavaFX Application Thread] DEBUG GameApplicationServi - Removing overlay from FXGLLoadingScene and adding to GameScene
14:02:44.446 [JavaFX Application Thread] DEBUG PrimaryStageWindow   - FXGLLoadingScene -> GameScene
14:02:46.398 [JavaFX Application Thread] DEBUG FXGLApplication      - Exiting FXGL
14:02:46.398 [JavaFX Application Thread] DEBUG LoopRunner           - Stopping loop
14:02:46.398 [JavaFX Application Thread] DEBUG SystemBundleService  - Saving FXGL system data
14:02:46.400 [JavaFX Application Thread] DEBUG FileSystemAccess     - Writing to: C:\Users\gabor\IdeaProjects\Restaurant_S\system\fxgl.bundle
14:02:46.402 [JavaFX Application Thread] DEBUG Async                - Shutting down background threads
14:02:46.402 [JavaFX Application Thread] DEBUG PrimaryStageWindow   - Closing main window
14:02:46.424 [JavaFX Application Thread] DEBUG Logger               - Closing Logger
