06:42:07.896 [main                     ] DEBUG Logger               - Configured Logger
06:42:07.909 [main                     ] DEBUG GameApplication      - Logging settings
Title: Restaurante
Version: 0.0
Width: 700
Height: 500
Fullscreen: false
Intro: false
Profiling: false
Single step:false
App Mode: DEVELOPER
Menu Key: ESCAPE
Stage Style: DECORATED
Scene Factory: class com.almasb.fxgl.app.scene.SceneFactory

06:42:08.214 [JavaFX Application Thread] DEBUG FXGLApplication      - Initializing FXGL
06:42:08.217 [JavaFX Application Thread] INFO  Engine               - FXGL-17.3 (30.03.2023 11.49) on LINUX (J:21.0.5 FX:21)
06:42:08.217 [JavaFX Application Thread] DEBUG Engine               - JRE Vendor Name: Red Hat, Inc.
06:42:08.217 [JavaFX Application Thread] DEBUG Engine               - Running on OS: Linux version 6.10.8-200.fc40.x86_64
06:42:08.217 [JavaFX Application Thread] DEBUG Engine               - Architecture: amd64
06:42:08.217 [JavaFX Application Thread] INFO  Engine               - Source code and latest versions at: https://github.com/AlmasB/FXGL
06:42:08.217 [JavaFX Application Thread] INFO  Engine               -       Ask questions and discuss at: https://github.com/AlmasB/FXGL/discussions
06:42:08.217 [JavaFX Application Thread] INFO  Engine               -              Join the FXGL chat at: https://gitter.im/AlmasB/FXGL
06:42:08.269 [JavaFX Application Thread] DEBUG PrimaryStageWindow   - Creating a JavaFX scene
06:42:08.311 [JavaFX Application Thread] DEBUG PrimaryStageWindow   - Target settings size: 700.0 x 500.0
06:42:08.312 [JavaFX Application Thread] DEBUG PrimaryStageWindow   - Scaled scene size:    700.0 x 500.0
06:42:08.312 [JavaFX Application Thread] DEBUG PrimaryStageWindow   - Scaled ratio: (1.0, 1.0)
06:42:08.312 [JavaFX Application Thread] DEBUG PrimaryStageWindow   - Set initial scene to FXGLStartupScene
06:42:08.314 [JavaFX Application Thread] DEBUG PrimaryStageWindow   - Opening main window
06:42:08.337 [JavaFX Application Thread] DEBUG PrimaryStageWindow   - Window border size: (0.0, 35.0)
06:42:08.338 [JavaFX Application Thread] DEBUG PrimaryStageWindow   - Scaled size: 700.0 x 465.0
06:42:08.338 [JavaFX Application Thread] DEBUG PrimaryStageWindow   - Scaled ratio: (1.0, 0.93)
06:42:08.338 [JavaFX Application Thread] DEBUG PrimaryStageWindow   - Scene size: 700.0 x 500.0
06:42:08.338 [JavaFX Application Thread] DEBUG PrimaryStageWindow   - Stage size: 700.0 x 500.0
06:42:08.345 [FXGL Background Thread 1 ] DEBUG Engine               - Initializing environment variables
06:42:08.370 [FXGL Background Thread 1 ] DEBUG FXGLAssetLoaderServi - User app class for loading assets: class com.simulador.app.Main
06:42:08.370 [FXGL Background Thread 1 ] DEBUG GameApplicationServi - Applying CSS: fxgl_dark.css
06:42:08.370 [FXGL Background Thread 1 ] DEBUG FXGLAssetLoaderServi - Loading from file system: jar:file:/home/zulito420/.m2/repository/com/github/almasb/fxgl/17.3/fxgl-17.3.jar!/fxglassets/ui/css/fxgl_dark.css
06:42:08.403 [FXGL Background Thread 1 ] DEBUG GameApplicationServi - Initializing application scenes
06:42:08.438 [FXGL Background Thread 1 ] DEBUG GameWorld            - Game world initialized
06:42:08.479 [FXGL Background Thread 1 ] DEBUG PhysicsWorld         - Physics world initialized: appHeight=500, physics.ppm=50.0
06:42:08.479 [FXGL Background Thread 1 ] DEBUG PhysicsWorld         - Using strategy: BRUTE_FORCE
06:42:08.483 [FXGL Background Thread 1 ] DEBUG GameScene            - Game scene initialized: 700x500
06:42:08.492 [FXGL Background Thread 1 ] WARN  FXGL.DefaultMenu     - FXGLDefaultMenu is not designed for resolutions < 800x600
06:42:08.492 [FXGL Background Thread 1 ] DEBUG FXGL.DefaultMenu     - createMenuBodyGameMenu()
06:42:08.501 [FXGL Background Thread 1 ] DEBUG FXGL.DefaultMenu     - createOptionsMenu()
06:42:08.506 [FXGL Background Thread 1 ] DEBUG FXGLAssetLoaderServi - Loading from file system: jar:file:/home/zulito420/.m2/repository/com/github/almasb/fxgl/17.3/fxgl-17.3.jar!/fxglassets/textures/particles/smoke.png
06:42:08.560 [FXGL Background Thread 1 ] DEBUG FXGLAssetLoaderServi - Loading from file system: jar:file:/home/zulito420/.m2/repository/com/github/almasb/fxgl/17.3/fxgl-17.3.jar!/fxglassets/textures/particles/trace_horizontal.png
06:42:08.577 [FXGL Background Thread 1 ] DEBUG GameApplicationServi - Application scenes initialized
06:42:08.584 [FXGL Background Thread 1 ] DEBUG SystemBundleService  - Loading FXGL system data
06:42:08.585 [FXGL Background Thread 1 ] DEBUG FileSystemAccess     - Reading from: /home/zulito420/Documentos/ProgramacionConcurrente/Restaurant_S/system/fxgl.bundle
06:42:08.586 [FXGL Background Thread 1 ] DEBUG SystemBundleService  - Bundle FXGL: {}
06:42:08.586 [FXGL Background Thread 1 ] DEBUG UpdaterService       - Checking for updates
06:42:08.589 [FXGL Background Thread 4 ] DEBUG FXGLApplication      - Loading fonts
06:42:08.589 [FXGL Background Thread 1 ] DEBUG FXGLApplication      - Loading default localization
06:42:08.589 [FXGL Background Thread 4 ] DEBUG FXGLAssetLoaderServi - Loading from file system: jar:file:/home/zulito420/.m2/repository/com/github/almasb/fxgl/17.3/fxgl-17.3.jar!/fxglassets/ui/fonts/VarelaRound-Regular.ttf
06:42:08.590 [FXGL Background Thread 1 ] DEBUG FXGLAssetLoaderServi - Loading from file system: jar:file:/home/zulito420/.m2/repository/com/github/almasb/fxgl/17.3/fxgl-17.3.jar!/fxglassets/languages/english.lang
06:42:08.597 [FXGL Background Thread 4 ] DEBUG FXGLAssetLoaderServi - Loading from file system: jar:file:/home/zulito420/.m2/repository/com/github/almasb/fxgl/17.3/fxgl-17.3.jar!/fxglassets/ui/fonts/Abel-Regular.ttf
06:42:08.599 [FXGL Background Thread 4 ] DEBUG FXGLAssetLoaderServi - Loading from file system: jar:file:/home/zulito420/.m2/repository/com/github/almasb/fxgl/17.3/fxgl-17.3.jar!/fxglassets/ui/fonts/TerminalLandMono-Regular.otf
06:42:08.600 [FXGL Background Thread 4 ] DEBUG FXGLAssetLoaderServi - Loading from file system: jar:file:/home/zulito420/.m2/repository/com/github/almasb/fxgl/17.3/fxgl-17.3.jar!/fxglassets/ui/fonts/Courier-Prime.ttf
06:42:08.605 [JavaFX Application Thread] DEBUG FXGLApplication      - Registering font factories with UI factory
06:42:08.607 [FXGL Background Thread 1 ] INFO  FXGLApplication      - FXGL initialization took: 0.262 sec
06:42:08.608 [JavaFX Application Thread] DEBUG FXGLAssetLoaderServi - Loading from file system: jar:file:/home/zulito420/.m2/repository/com/github/almasb/fxgl/17.3/fxgl-17.3.jar!/fxglassets/textures/fxgl_icon.png
06:42:08.625 [JavaFX Application Thread] DEBUG FXGLAssetLoaderServi - Loading from file system: jar:file:/home/zulito420/.m2/repository/com/github/almasb/fxgl/17.3/fxgl-17.3.jar!/fxglassets/textures/fxgl_default_cursor.png
06:42:08.630 [JavaFX Application Thread] DEBUG Input                - Registered new binding: Screenshot - CTRL+8
06:42:08.630 [JavaFX Application Thread] DEBUG Input                - Registered new binding: System info dump - CTRL+9
06:42:08.631 [JavaFX Application Thread] DEBUG Input                - Registered new binding: Restart - CTRL+R
06:42:08.631 [JavaFX Application Thread] DEBUG Input                - Registered new binding: Toggle Debug Camera - CTRL+7
06:42:08.632 [JavaFX Application Thread] DEBUG LoopRunner           - Starting loop
06:42:08.632 [JavaFX Application Thread] DEBUG LoopRunner           - Initializing JavaFX AnimationTimerLoop
06:42:08.632 [JavaFX Application Thread] DEBUG GameApplicationServi - Starting new game
06:42:08.633 [JavaFX Application Thread] DEBUG Input                - Clearing active input actions
06:42:08.638 [JavaFX Application Thread] DEBUG GameApplicationServi - Removing overlay from FXGLStartupScene and adding to FXGLLoadingScene
06:42:08.638 [JavaFX Application Thread] DEBUG PrimaryStageWindow   - FXGLStartupScene -> FXGLLoadingScene
06:42:08.638 [JavaFX Application Thread] DEBUG GameApplicationServi - Clearing previous game
06:42:08.638 [JavaFX Application Thread] DEBUG GameScene            - Clearing game scene
06:42:08.638 [JavaFX Application Thread] DEBUG GameWorld            - Clearing game world
06:42:08.638 [JavaFX Application Thread] DEBUG PhysicsWorld         - Clearing physics world
06:42:08.639 [FXGL Background Thread 1 ] DEBUG FXGLApplication      - Initializing game
06:42:08.942 [FXGL Background Thread 1 ] INFO  FXGLApplication      - Game initialization took: 0.303 sec
06:42:08.943 [JavaFX Application Thread] DEBUG Input                - Clearing active input actions
06:42:08.948 [JavaFX Application Thread] DEBUG GameApplicationServi - Removing overlay from FXGLLoadingScene and adding to GameScene
06:42:08.948 [JavaFX Application Thread] DEBUG PrimaryStageWindow   - FXGLLoadingScene -> GameScene
06:42:09.002 [FXGL Background Thread 2 ] INFO  UpdaterService       - Your current version:  17.3
06:42:09.002 [FXGL Background Thread 2 ] INFO  UpdaterService       - Latest stable version: 21.1
06:42:11.337 [JavaFX Application Thread] DEBUG FXGLApplication      - Exiting FXGL
06:42:11.338 [JavaFX Application Thread] DEBUG LoopRunner           - Stopping loop
06:42:11.338 [JavaFX Application Thread] DEBUG SystemBundleService  - Saving FXGL system data
06:42:11.340 [JavaFX Application Thread] DEBUG FileSystemAccess     - Writing to: /home/zulito420/Documentos/ProgramacionConcurrente/Restaurant_S/system/fxgl.bundle
06:42:11.340 [JavaFX Application Thread] DEBUG Async                - Shutting down background threads
06:42:11.341 [JavaFX Application Thread] DEBUG PrimaryStageWindow   - Closing main window
06:42:11.342 [JavaFX Application Thread] DEBUG Logger               - Closing Logger
