13:55:01.532 [main                     ] DEBUG Logger               - Configured Logger
13:55:01.553 [main                     ] DEBUG GameApplication      - Logging settings
Title: Restaurante
Version: 0.0
Width: 700
Height: 500
Fullscreen: false
Intro: false
Profiling: false
Single step:false
App Mode: DEVELOPER
Menu Key: ESCAPE
Stage Style: DECORATED
Scene Factory: class com.almasb.fxgl.app.scene.SceneFactory

13:55:02.168 [JavaFX Application Thread] DEBUG FXGLApplication      - Initializing FXGL
13:55:02.176 [JavaFX Application Thread] INFO  Engine               - FXGL-17.3 (30.03.2023 11.49) on WINDOWS (J:17.0.13 FX:21)
13:55:02.177 [JavaFX Application Thread] DEBUG Engine               - JRE Vendor Name: Oracle Corporation
13:55:02.177 [JavaFX Application Thread] DEBUG Engine               - Running on OS: Windows 11 version 10.0
13:55:02.177 [JavaFX Application Thread] DEBUG Engine               - Architecture: amd64
13:55:02.177 [JavaFX Application Thread] INFO  Engine               - Source code and latest versions at: https://github.com/AlmasB/FXGL
13:55:02.178 [JavaFX Application Thread] INFO  Engine               -       Ask questions and discuss at: https://github.com/AlmasB/FXGL/discussions
13:55:02.178 [JavaFX Application Thread] INFO  Engine               -              Join the FXGL chat at: https://gitter.im/AlmasB/FXGL
13:55:02.345 [JavaFX Application Thread] DEBUG PrimaryStageWindow   - Creating a JavaFX scene
13:55:02.447 [JavaFX Application Thread] DEBUG PrimaryStageWindow   - Target settings size: 700.0 x 500.0
13:55:02.448 [JavaFX Application Thread] DEBUG PrimaryStageWindow   - Scaled scene size:    700.0 x 500.0
13:55:02.448 [JavaFX Application Thread] DEBUG PrimaryStageWindow   - Scaled ratio: (1.0, 1.0)
13:55:02.450 [JavaFX Application Thread] DEBUG PrimaryStageWindow   - Set initial scene to FXGLStartupScene
13:55:02.456 [JavaFX Application Thread] DEBUG PrimaryStageWindow   - Opening main window
13:55:02.567 [JavaFX Application Thread] DEBUG PrimaryStageWindow   - Window border size: (16.0, 39.0)
13:55:02.568 [JavaFX Application Thread] DEBUG PrimaryStageWindow   - Scaled size: 700.0 x 500.0
13:55:02.568 [JavaFX Application Thread] DEBUG PrimaryStageWindow   - Scaled ratio: (1.0, 1.0)
13:55:02.568 [JavaFX Application Thread] DEBUG PrimaryStageWindow   - Scene size: 700.0 x 500.0
13:55:02.568 [JavaFX Application Thread] DEBUG PrimaryStageWindow   - Stage size: 716.0 x 539.0
13:55:02.576 [FXGL Background Thread 1 ] DEBUG Engine               - Initializing environment variables
13:55:02.610 [FXGL Background Thread 1 ] DEBUG FXGLAssetLoaderServi - User app class for loading assets: class com.simulador.app.Main
13:55:02.611 [FXGL Background Thread 1 ] DEBUG GameApplicationServi - Applying CSS: fxgl_dark.css
13:55:02.612 [FXGL Background Thread 1 ] DEBUG FXGLAssetLoaderServi - Loading from file system: jar:file:/C:/Users/gabor/.m2/repository/com/github/almasb/fxgl/17.3/fxgl-17.3.jar!/fxglassets/ui/css/fxgl_dark.css
13:55:02.671 [FXGL Background Thread 1 ] DEBUG GameApplicationServi - Initializing application scenes
13:55:02.726 [FXGL Background Thread 1 ] DEBUG GameWorld            - Game world initialized
13:55:02.785 [FXGL Background Thread 1 ] DEBUG PhysicsWorld         - Physics world initialized: appHeight=500, physics.ppm=50.0
13:55:02.785 [FXGL Background Thread 1 ] DEBUG PhysicsWorld         - Using strategy: BRUTE_FORCE
13:55:02.789 [FXGL Background Thread 1 ] DEBUG GameScene            - Game scene initialized: 700x500
13:55:02.807 [FXGL Background Thread 1 ] WARN  FXGL.DefaultMenu     - FXGLDefaultMenu is not designed for resolutions < 800x600
13:55:02.807 [FXGL Background Thread 1 ] DEBUG FXGL.DefaultMenu     - createMenuBodyGameMenu()
13:55:02.824 [FXGL Background Thread 1 ] DEBUG FXGL.DefaultMenu     - createOptionsMenu()
13:55:02.835 [FXGL Background Thread 1 ] DEBUG FXGLAssetLoaderServi - Loading from file system: jar:file:/C:/Users/gabor/.m2/repository/com/github/almasb/fxgl/17.3/fxgl-17.3.jar!/fxglassets/textures/particles/smoke.png
13:55:02.911 [FXGL Background Thread 1 ] DEBUG FXGLAssetLoaderServi - Loading from file system: jar:file:/C:/Users/gabor/.m2/repository/com/github/almasb/fxgl/17.3/fxgl-17.3.jar!/fxglassets/textures/particles/trace_horizontal.png
13:55:02.932 [FXGL Background Thread 1 ] DEBUG GameApplicationServi - Application scenes initialized
13:55:02.947 [FXGL Background Thread 1 ] DEBUG SystemBundleService  - Loading FXGL system data
13:55:02.949 [FXGL Background Thread 1 ] DEBUG FileSystemAccess     - Reading from: C:\Users\gabor\IdeaProjects\Restaurant_S\system\fxgl.bundle
13:55:02.953 [FXGL Background Thread 1 ] DEBUG SystemBundleService  - Bundle FXGL: {}
13:55:02.954 [FXGL Background Thread 1 ] DEBUG UpdaterService       - Checking for updates
13:55:02.958 [FXGL Background Thread 4 ] DEBUG FXGLApplication      - Loading fonts
13:55:02.958 [FXGL Background Thread 4 ] DEBUG FXGLAssetLoaderServi - Loading from file system: jar:file:/C:/Users/gabor/.m2/repository/com/github/almasb/fxgl/17.3/fxgl-17.3.jar!/fxglassets/ui/fonts/VarelaRound-Regular.ttf
13:55:02.958 [FXGL Background Thread 1 ] DEBUG FXGLApplication      - Loading default localization
13:55:02.959 [FXGL Background Thread 1 ] DEBUG FXGLAssetLoaderServi - Loading from file system: jar:file:/C:/Users/gabor/.m2/repository/com/github/almasb/fxgl/17.3/fxgl-17.3.jar!/fxglassets/languages/english.lang
13:55:02.973 [FXGL Background Thread 4 ] DEBUG FXGLAssetLoaderServi - Loading from file system: jar:file:/C:/Users/gabor/.m2/repository/com/github/almasb/fxgl/17.3/fxgl-17.3.jar!/fxglassets/ui/fonts/Abel-Regular.ttf
13:55:02.978 [FXGL Background Thread 4 ] DEBUG FXGLAssetLoaderServi - Loading from file system: jar:file:/C:/Users/gabor/.m2/repository/com/github/almasb/fxgl/17.3/fxgl-17.3.jar!/fxglassets/ui/fonts/TerminalLandMono-Regular.otf
13:55:02.984 [FXGL Background Thread 4 ] DEBUG FXGLAssetLoaderServi - Loading from file system: jar:file:/C:/Users/gabor/.m2/repository/com/github/almasb/fxgl/17.3/fxgl-17.3.jar!/fxglassets/ui/fonts/Courier-Prime.ttf
13:55:02.986 [FXGL Background Thread 1 ] INFO  FXGLApplication      - FXGL initialization took: 0.409 sec
13:55:02.988 [JavaFX Application Thread] DEBUG FXGLAssetLoaderServi - Loading from file system: jar:file:/C:/Users/gabor/.m2/repository/com/github/almasb/fxgl/17.3/fxgl-17.3.jar!/fxglassets/textures/fxgl_icon.png
13:55:03.005 [JavaFX Application Thread] DEBUG FXGLAssetLoaderServi - Loading from file system: jar:file:/C:/Users/gabor/.m2/repository/com/github/almasb/fxgl/17.3/fxgl-17.3.jar!/fxglassets/textures/fxgl_default_cursor.png
13:55:03.017 [JavaFX Application Thread] DEBUG Input                - Registered new binding: Screenshot - CTRL+8
13:55:03.018 [JavaFX Application Thread] DEBUG Input                - Registered new binding: System info dump - CTRL+9
13:55:03.019 [JavaFX Application Thread] DEBUG Input                - Registered new binding: Restart - CTRL+R
13:55:03.020 [JavaFX Application Thread] DEBUG Input                - Registered new binding: Toggle Debug Camera - CTRL+7
13:55:03.023 [JavaFX Application Thread] DEBUG LoopRunner           - Starting loop
13:55:03.023 [JavaFX Application Thread] DEBUG LoopRunner           - Initializing JavaFX AnimationTimerLoop
13:55:03.026 [JavaFX Application Thread] DEBUG GameApplicationServi - Starting new game
13:55:03.026 [JavaFX Application Thread] DEBUG Input                - Clearing active input actions
13:55:03.037 [JavaFX Application Thread] DEBUG GameApplicationServi - Removing overlay from FXGLStartupScene and adding to FXGLLoadingScene
13:55:03.037 [JavaFX Application Thread] DEBUG PrimaryStageWindow   - FXGLStartupScene -> FXGLLoadingScene
13:55:03.037 [JavaFX Application Thread] DEBUG GameApplicationServi - Clearing previous game
13:55:03.038 [JavaFX Application Thread] DEBUG GameScene            - Clearing game scene
13:55:03.038 [JavaFX Application Thread] DEBUG GameWorld            - Clearing game world
13:55:03.038 [JavaFX Application Thread] DEBUG PhysicsWorld         - Clearing physics world
13:55:03.039 [JavaFX Application Thread] DEBUG FXGLApplication      - Registering font factories with UI factory
13:55:03.039 [FXGL Background Thread 4 ] DEBUG FXGLApplication      - Initializing game
13:55:03.273 [FXGL Background Thread 2 ] WARN  UpdaterService       - Failed to find updates: java.net.UnknownHostException: raw.githubusercontent.com
13:55:03.418 [FXGL Background Thread 4 ] INFO  FXGLApplication      - Game initialization took: 0.379 sec
13:55:03.430 [JavaFX Application Thread] DEBUG Input                - Clearing active input actions
13:55:03.444 [JavaFX Application Thread] DEBUG GameApplicationServi - Removing overlay from FXGLLoadingScene and adding to GameScene
13:55:03.445 [JavaFX Application Thread] DEBUG PrimaryStageWindow   - FXGLLoadingScene -> GameScene
13:55:05.324 [JavaFX Application Thread] DEBUG FXGLApplication      - Exiting FXGL
13:55:05.325 [JavaFX Application Thread] DEBUG LoopRunner           - Stopping loop
13:55:05.325 [JavaFX Application Thread] DEBUG SystemBundleService  - Saving FXGL system data
13:55:05.327 [JavaFX Application Thread] DEBUG FileSystemAccess     - Writing to: C:\Users\gabor\IdeaProjects\Restaurant_S\system\fxgl.bundle
13:55:05.329 [JavaFX Application Thread] DEBUG Async                - Shutting down background threads
13:55:05.329 [JavaFX Application Thread] DEBUG PrimaryStageWindow   - Closing main window
13:55:05.347 [JavaFX Application Thread] DEBUG Logger               - Closing Logger
