14:03:07.531 [main                     ] DEBUG Logger               - Configured Logger
14:03:07.549 [main                     ] DEBUG GameApplication      - Logging settings
Title: Restaurante
Version: 0.0
Width: 700
Height: 500
Fullscreen: false
Intro: false
Profiling: false
Single step:false
App Mode: DEVELOPER
Menu Key: ESCAPE
Stage Style: DECORATED
Scene Factory: class com.almasb.fxgl.app.scene.SceneFactory

14:03:08.195 [JavaFX Application Thread] DEBUG FXGLApplication      - Initializing FXGL
14:03:08.206 [JavaFX Application Thread] INFO  Engine               - FXGL-17.3 (30.03.2023 11.49) on WINDOWS (J:17.0.13 FX:21)
14:03:08.206 [JavaFX Application Thread] DEBUG Engine               - JRE Vendor Name: Oracle Corporation
14:03:08.207 [JavaFX Application Thread] DEBUG Engine               - Running on OS: Windows 11 version 10.0
14:03:08.207 [JavaFX Application Thread] DEBUG Engine               - Architecture: amd64
14:03:08.207 [JavaFX Application Thread] INFO  Engine               - Source code and latest versions at: https://github.com/AlmasB/FXGL
14:03:08.207 [JavaFX Application Thread] INFO  Engine               -       Ask questions and discuss at: https://github.com/AlmasB/FXGL/discussions
14:03:08.208 [JavaFX Application Thread] INFO  Engine               -              Join the FXGL chat at: https://gitter.im/AlmasB/FXGL
14:03:08.464 [JavaFX Application Thread] DEBUG PrimaryStageWindow   - Creating a JavaFX scene
14:03:08.562 [JavaFX Application Thread] DEBUG PrimaryStageWindow   - Target settings size: 700.0 x 500.0
14:03:08.563 [JavaFX Application Thread] DEBUG PrimaryStageWindow   - Scaled scene size:    700.0 x 500.0
14:03:08.563 [JavaFX Application Thread] DEBUG PrimaryStageWindow   - Scaled ratio: (1.0, 1.0)
14:03:08.566 [JavaFX Application Thread] DEBUG PrimaryStageWindow   - Set initial scene to FXGLStartupScene
14:03:08.574 [JavaFX Application Thread] DEBUG PrimaryStageWindow   - Opening main window
14:03:08.727 [JavaFX Application Thread] DEBUG PrimaryStageWindow   - Window border size: (16.0, 39.0)
14:03:08.727 [JavaFX Application Thread] DEBUG PrimaryStageWindow   - Scaled size: 700.0 x 500.0
14:03:08.727 [JavaFX Application Thread] DEBUG PrimaryStageWindow   - Scaled ratio: (1.0, 1.0)
14:03:08.728 [JavaFX Application Thread] DEBUG PrimaryStageWindow   - Scene size: 700.0 x 500.0
14:03:08.728 [JavaFX Application Thread] DEBUG PrimaryStageWindow   - Stage size: 716.0 x 539.0
14:03:08.737 [FXGL Background Thread 1 ] DEBUG Engine               - Initializing environment variables
14:03:08.785 [FXGL Background Thread 1 ] DEBUG FXGLAssetLoaderServi - User app class for loading assets: class com.simulador.app.Main
14:03:08.786 [FXGL Background Thread 1 ] DEBUG GameApplicationServi - Applying CSS: fxgl_dark.css
14:03:08.788 [FXGL Background Thread 1 ] DEBUG FXGLAssetLoaderServi - Loading from file system: jar:file:/C:/Users/gabor/.m2/repository/com/github/almasb/fxgl/17.3/fxgl-17.3.jar!/fxglassets/ui/css/fxgl_dark.css
14:03:08.850 [FXGL Background Thread 1 ] DEBUG GameApplicationServi - Initializing application scenes
14:03:08.924 [FXGL Background Thread 1 ] DEBUG GameWorld            - Game world initialized
14:03:09.008 [FXGL Background Thread 1 ] DEBUG PhysicsWorld         - Physics world initialized: appHeight=500, physics.ppm=50.0
14:03:09.009 [FXGL Background Thread 1 ] DEBUG PhysicsWorld         - Using strategy: BRUTE_FORCE
14:03:09.017 [FXGL Background Thread 1 ] DEBUG GameScene            - Game scene initialized: 700x500
14:03:09.043 [FXGL Background Thread 1 ] WARN  FXGL.DefaultMenu     - FXGLDefaultMenu is not designed for resolutions < 800x600
14:03:09.043 [FXGL Background Thread 1 ] DEBUG FXGL.DefaultMenu     - createMenuBodyGameMenu()
14:03:09.067 [FXGL Background Thread 1 ] DEBUG FXGL.DefaultMenu     - createOptionsMenu()
14:03:09.080 [FXGL Background Thread 1 ] DEBUG FXGLAssetLoaderServi - Loading from file system: jar:file:/C:/Users/gabor/.m2/repository/com/github/almasb/fxgl/17.3/fxgl-17.3.jar!/fxglassets/textures/particles/smoke.png
14:03:09.213 [FXGL Background Thread 1 ] DEBUG FXGLAssetLoaderServi - Loading from file system: jar:file:/C:/Users/gabor/.m2/repository/com/github/almasb/fxgl/17.3/fxgl-17.3.jar!/fxglassets/textures/particles/trace_horizontal.png
14:03:09.247 [FXGL Background Thread 1 ] DEBUG GameApplicationServi - Application scenes initialized
14:03:09.267 [FXGL Background Thread 1 ] DEBUG SystemBundleService  - Loading FXGL system data
14:03:09.270 [FXGL Background Thread 1 ] DEBUG FileSystemAccess     - Reading from: C:\Users\gabor\IdeaProjects\Restaurant_S\system\fxgl.bundle
14:03:09.273 [FXGL Background Thread 1 ] DEBUG SystemBundleService  - Bundle FXGL: {}
14:03:09.273 [FXGL Background Thread 1 ] DEBUG UpdaterService       - Checking for updates
14:03:09.280 [FXGL Background Thread 4 ] DEBUG FXGLApplication      - Loading fonts
14:03:09.280 [FXGL Background Thread 1 ] DEBUG FXGLApplication      - Loading default localization
14:03:09.280 [FXGL Background Thread 4 ] DEBUG FXGLAssetLoaderServi - Loading from file system: jar:file:/C:/Users/gabor/.m2/repository/com/github/almasb/fxgl/17.3/fxgl-17.3.jar!/fxglassets/ui/fonts/VarelaRound-Regular.ttf
14:03:09.281 [FXGL Background Thread 1 ] DEBUG FXGLAssetLoaderServi - Loading from file system: jar:file:/C:/Users/gabor/.m2/repository/com/github/almasb/fxgl/17.3/fxgl-17.3.jar!/fxglassets/languages/english.lang
14:03:09.297 [FXGL Background Thread 4 ] DEBUG FXGLAssetLoaderServi - Loading from file system: jar:file:/C:/Users/gabor/.m2/repository/com/github/almasb/fxgl/17.3/fxgl-17.3.jar!/fxglassets/ui/fonts/Abel-Regular.ttf
14:03:09.304 [FXGL Background Thread 4 ] DEBUG FXGLAssetLoaderServi - Loading from file system: jar:file:/C:/Users/gabor/.m2/repository/com/github/almasb/fxgl/17.3/fxgl-17.3.jar!/fxglassets/ui/fonts/TerminalLandMono-Regular.otf
14:03:09.312 [FXGL Background Thread 4 ] DEBUG FXGLAssetLoaderServi - Loading from file system: jar:file:/C:/Users/gabor/.m2/repository/com/github/almasb/fxgl/17.3/fxgl-17.3.jar!/fxglassets/ui/fonts/Courier-Prime.ttf
14:03:09.319 [FXGL Background Thread 1 ] INFO  FXGLApplication      - FXGL initialization took: 0.582 sec
14:03:09.322 [JavaFX Application Thread] DEBUG FXGLAssetLoaderServi - Loading from file system: jar:file:/C:/Users/gabor/.m2/repository/com/github/almasb/fxgl/17.3/fxgl-17.3.jar!/fxglassets/textures/fxgl_icon.png
14:03:09.346 [JavaFX Application Thread] DEBUG FXGLAssetLoaderServi - Loading from file system: jar:file:/C:/Users/gabor/.m2/repository/com/github/almasb/fxgl/17.3/fxgl-17.3.jar!/fxglassets/textures/fxgl_default_cursor.png
14:03:09.372 [JavaFX Application Thread] DEBUG Input                - Registered new binding: Screenshot - CTRL+8
14:03:09.373 [JavaFX Application Thread] DEBUG Input                - Registered new binding: System info dump - CTRL+9
14:03:09.373 [JavaFX Application Thread] DEBUG Input                - Registered new binding: Restart - CTRL+R
14:03:09.375 [JavaFX Application Thread] DEBUG Input                - Registered new binding: Toggle Debug Camera - CTRL+7
14:03:09.385 [JavaFX Application Thread] DEBUG LoopRunner           - Starting loop
14:03:09.385 [JavaFX Application Thread] DEBUG LoopRunner           - Initializing JavaFX AnimationTimerLoop
14:03:09.388 [JavaFX Application Thread] DEBUG GameApplicationServi - Starting new game
14:03:09.388 [JavaFX Application Thread] DEBUG Input                - Clearing active input actions
14:03:09.402 [JavaFX Application Thread] DEBUG GameApplicationServi - Removing overlay from FXGLStartupScene and adding to FXGLLoadingScene
14:03:09.403 [JavaFX Application Thread] DEBUG PrimaryStageWindow   - FXGLStartupScene -> FXGLLoadingScene
14:03:09.403 [JavaFX Application Thread] DEBUG GameApplicationServi - Clearing previous game
14:03:09.403 [JavaFX Application Thread] DEBUG GameScene            - Clearing game scene
14:03:09.403 [JavaFX Application Thread] DEBUG GameWorld            - Clearing game world
14:03:09.403 [JavaFX Application Thread] DEBUG PhysicsWorld         - Clearing physics world
14:03:09.407 [FXGL Background Thread 4 ] DEBUG FXGLApplication      - Initializing game
14:03:09.408 [JavaFX Application Thread] DEBUG FXGLApplication      - Registering font factories with UI factory
14:03:09.537 [FXGL Background Thread 2 ] WARN  UpdaterService       - Failed to find updates: java.net.UnknownHostException: raw.githubusercontent.com
14:03:09.680 [FXGL Background Thread 4 ] INFO  FXGLApplication      - Game initialization took: 0.273 sec
14:03:09.687 [JavaFX Application Thread] DEBUG Input                - Clearing active input actions
14:03:09.699 [JavaFX Application Thread] DEBUG GameApplicationServi - Removing overlay from FXGLLoadingScene and adding to GameScene
14:03:09.700 [JavaFX Application Thread] DEBUG PrimaryStageWindow   - FXGLLoadingScene -> GameScene
14:03:12.278 [FXGL Background Thread 3 ] DEBUG Engine               - Logging environment variables
14:03:12.279 [FXGL Background Thread 3 ] DEBUG Engine               - achievements: []
14:03:12.279 [FXGL Background Thread 3 ] DEBUG Engine               - actualHeight: 500.0
14:03:12.279 [FXGL Background Thread 3 ] DEBUG Engine               - actualHeightProperty: ReadOnlyDoubleProperty [value: 500.0]
14:03:12.280 [FXGL Background Thread 3 ] DEBUG Engine               - actualWidth: 700.0
14:03:12.280 [FXGL Background Thread 3 ] DEBUG Engine               - actualWidthProperty: ReadOnlyDoubleProperty [value: 700.0]
14:03:12.280 [FXGL Background Thread 3 ] DEBUG Engine               - appIcon: fxgl_icon.png
14:03:12.280 [FXGL Background Thread 3 ] DEBUG Engine               - applicationMode: DEVELOPER
14:03:12.280 [FXGL Background Thread 3 ] DEBUG Engine               - cSSList: [fxgl_dark.css]
14:03:12.280 [FXGL Background Thread 3 ] DEBUG Engine               - collisionDetectionStrategy: BRUTE_FORCE
14:03:12.280 [FXGL Background Thread 3 ] DEBUG Engine               - configClass: Optional.empty
14:03:12.281 [FXGL Background Thread 3 ] DEBUG Engine               - credits: []
14:03:12.281 [FXGL Background Thread 3 ] DEBUG Engine               - defaultCursor: CursorInfo(imageName=fxgl_default_cursor.png, hotspotX=7.0, hotspotY=6.0)
14:03:12.282 [FXGL Background Thread 3 ] DEBUG Engine               - devBBoxColorProperty: ObjectProperty [value: 0xff0000ff]
14:03:12.282 [FXGL Background Thread 3 ] DEBUG Engine               - devEnableDebugCameraProperty: BooleanProperty [value: false]
14:03:12.283 [FXGL Background Thread 3 ] DEBUG Engine               - devSensorColorProperty: ObjectProperty [value: 0xffff00ff]
14:03:12.283 [FXGL Background Thread 3 ] DEBUG Engine               - devShowBBoxProperty: BooleanProperty [value: false]
14:03:12.283 [FXGL Background Thread 3 ] DEBUG Engine               - devShowPositionProperty: BooleanProperty [value: false]
14:03:12.283 [FXGL Background Thread 3 ] DEBUG Engine               - enabledMenuItems: []
14:03:12.284 [FXGL Background Thread 3 ] DEBUG Engine               - engineServices: [class com.almasb.fxgl.app.services.FXGLAssetLoaderService, class com.almasb.fxgl.app.FXGLApplication$GameApplicationService, class com.almasb.fxgl.app.services.FXGLDialogService, class com.almasb.fxgl.app.services.IOTaskExecutorService, class com.almasb.fxgl.io.FileSystemService, class com.almasb.fxgl.localization.LocalizationService, class com.almasb.fxgl.app.services.SystemBundleService, class com.almasb.fxgl.profile.SaveLoadService, class com.almasb.fxgl.ui.FXGLUIFactoryServiceProvider, class com.almasb.fxgl.ui.FXGLDialogFactoryServiceProvider, class com.almasb.fxgl.audio.AudioPlayer, class com.almasb.fxgl.notification.impl.NotificationServiceProvider, class com.almasb.fxgl.achievement.AchievementService, class com.almasb.fxgl.cutscene.CutsceneService, class com.almasb.fxgl.minigames.MiniGameService, class com.almasb.fxgl.net.NetService, class com.almasb.fxgl.app.services.UpdaterService, class com.almasb.fxgl.dev.DevService]
14:03:12.284 [FXGL Background Thread 3 ] DEBUG Engine               - fontGame: Abel-Regular.ttf
14:03:12.284 [FXGL Background Thread 3 ] DEBUG Engine               - fontMono: TerminalLandMono-Regular.otf
14:03:12.284 [FXGL Background Thread 3 ] DEBUG Engine               - fontSizeScaleUI: 1.0
14:03:12.284 [FXGL Background Thread 3 ] DEBUG Engine               - fontText: Courier-Prime.ttf
14:03:12.284 [FXGL Background Thread 3 ] DEBUG Engine               - fontUI: VarelaRound-Regular.ttf
14:03:12.284 [FXGL Background Thread 3 ] DEBUG Engine               - fullScreen: BooleanProperty [value: false]
14:03:12.284 [FXGL Background Thread 3 ] DEBUG Engine               - gameDifficulty: MEDIUM
14:03:12.285 [FXGL Background Thread 3 ] DEBUG Engine               - gameDifficultyProperty: ObjectProperty [value: MEDIUM]
14:03:12.285 [FXGL Background Thread 3 ] DEBUG Engine               - globalMusicVolume: 0.5
14:03:12.285 [FXGL Background Thread 3 ] DEBUG Engine               - globalMusicVolumeProperty: DoubleProperty [value: 0.5]
14:03:12.285 [FXGL Background Thread 3 ] DEBUG Engine               - globalSoundVolume: 0.5
14:03:12.285 [FXGL Background Thread 3 ] DEBUG Engine               - globalSoundVolumeProperty: DoubleProperty [value: 0.5]
14:03:12.285 [FXGL Background Thread 3 ] DEBUG Engine               - height: 500
14:03:12.285 [FXGL Background Thread 3 ] DEBUG Engine               - is3D: false
14:03:12.285 [FXGL Background Thread 3 ] DEBUG Engine               - isAndroid: false
14:03:12.286 [FXGL Background Thread 3 ] DEBUG Engine               - isBrowser: false
14:03:12.286 [FXGL Background Thread 3 ] DEBUG Engine               - isClickFeedbackEnabled: false
14:03:12.286 [FXGL Background Thread 3 ] DEBUG Engine               - isCloseConfirmation: false
14:03:12.286 [FXGL Background Thread 3 ] DEBUG Engine               - isDesktop: true
14:03:12.286 [FXGL Background Thread 3 ] DEBUG Engine               - isDeveloperMenuEnabled: false
14:03:12.286 [FXGL Background Thread 3 ] DEBUG Engine               - isEmbedded: false
14:03:12.286 [FXGL Background Thread 3 ] DEBUG Engine               - isEntityPreloadEnabled: true
14:03:12.287 [FXGL Background Thread 3 ] DEBUG Engine               - isExperimentalTiledLargeMap: false
14:03:12.287 [FXGL Background Thread 3 ] DEBUG Engine               - isFileSystemWriteAllowed: true
14:03:12.287 [FXGL Background Thread 3 ] DEBUG Engine               - isFullScreenAllowed: false
14:03:12.287 [FXGL Background Thread 3 ] DEBUG Engine               - isFullScreenFromStart: false
14:03:12.287 [FXGL Background Thread 3 ] DEBUG Engine               - isGameMenuEnabled: true
14:03:12.287 [FXGL Background Thread 3 ] DEBUG Engine               - isIOS: false
14:03:12.287 [FXGL Background Thread 3 ] DEBUG Engine               - isIntroEnabled: false
14:03:12.287 [FXGL Background Thread 3 ] DEBUG Engine               - isLinux: false
14:03:12.287 [FXGL Background Thread 3 ] DEBUG Engine               - isMac: false
14:03:12.287 [FXGL Background Thread 3 ] DEBUG Engine               - isMainMenuEnabled: false
14:03:12.288 [FXGL Background Thread 3 ] DEBUG Engine               - isManualResizeEnabled: false
14:03:12.288 [FXGL Background Thread 3 ] DEBUG Engine               - isMobile: false
14:03:12.288 [FXGL Background Thread 3 ] DEBUG Engine               - isNative: false
14:03:12.288 [FXGL Background Thread 3 ] DEBUG Engine               - isPauseMusicWhenMinimized: true
14:03:12.289 [FXGL Background Thread 3 ] DEBUG Engine               - isPreserveResizeRatio: false
14:03:12.289 [FXGL Background Thread 3 ] DEBUG Engine               - isProfilingEnabled: false
14:03:12.289 [FXGL Background Thread 3 ] DEBUG Engine               - isScaleAffectedOnResize: true
14:03:12.289 [FXGL Background Thread 3 ] DEBUG Engine               - isSingleStep: false
14:03:12.289 [FXGL Background Thread 3 ] DEBUG Engine               - isUserProfileEnabled: false
14:03:12.289 [FXGL Background Thread 3 ] DEBUG Engine               - isWindows: true
14:03:12.289 [FXGL Background Thread 3 ] DEBUG Engine               - language: ObjectProperty [value: ENGLISH]
14:03:12.290 [FXGL Background Thread 3 ] DEBUG Engine               - menuKey: ESCAPE
14:03:12.290 [FXGL Background Thread 3 ] DEBUG Engine               - mouseSensitivity: 0.2
14:03:12.290 [FXGL Background Thread 3 ] DEBUG Engine               - notificationViewClass: class com.almasb.fxgl.notification.view.XboxNotificationView
14:03:12.290 [FXGL Background Thread 3 ] DEBUG Engine               - pixelsPerMeter: 50.0
14:03:12.290 [FXGL Background Thread 3 ] DEBUG Engine               - platform: WINDOWS
14:03:12.290 [FXGL Background Thread 3 ] DEBUG Engine               - prefHeightProperty: ReadOnlyDoubleProperty [value: 500.0]
14:03:12.290 [FXGL Background Thread 3 ] DEBUG Engine               - prefWidthProperty: ReadOnlyDoubleProperty [value: 700.0]
14:03:12.290 [FXGL Background Thread 3 ] DEBUG Engine               - profileDir: profiles/
14:03:12.291 [FXGL Background Thread 3 ] DEBUG Engine               - profileName: StringProperty [value: DEFAULT]
14:03:12.291 [FXGL Background Thread 3 ] DEBUG Engine               - randomSeed: -1
14:03:12.291 [FXGL Background Thread 3 ] DEBUG Engine               - runtimeInfo: RuntimeInfo(platform=WINDOWS, version=17.3, build=30.03.2023 11.49)
14:03:12.291 [FXGL Background Thread 3 ] DEBUG Engine               - saveFileExt: sav
14:03:12.292 [FXGL Background Thread 3 ] DEBUG Engine               - scaledHeightProp$fxgl: DoubleProperty [bound, value: 500.0]
14:03:12.292 [FXGL Background Thread 3 ] DEBUG Engine               - scaledWidthProp$fxgl: DoubleProperty [bound, value: 700.0]
14:03:12.292 [FXGL Background Thread 3 ] DEBUG Engine               - sceneFactory: com.almasb.fxgl.app.scene.SceneFactory@2a5cc539
14:03:12.292 [FXGL Background Thread 3 ] DEBUG Engine               - secondsIn24h: 60
14:03:12.292 [FXGL Background Thread 3 ] DEBUG Engine               - soundMenuBack: menu/back.wav
14:03:12.292 [FXGL Background Thread 3 ] DEBUG Engine               - soundMenuPress: menu/press.wav
14:03:12.292 [FXGL Background Thread 3 ] DEBUG Engine               - soundMenuSelect: menu/select.wav
14:03:12.292 [FXGL Background Thread 3 ] DEBUG Engine               - soundNotification: core/notification.wav
14:03:12.292 [FXGL Background Thread 3 ] DEBUG Engine               - stageStyle: DECORATED
14:03:12.292 [FXGL Background Thread 3 ] DEBUG Engine               - supportedLanguages: [ENGLISH, FRENCH, GERMAN, HUNGARIAN, RUSSIAN]
14:03:12.293 [FXGL Background Thread 3 ] DEBUG Engine               - ticksPerSecond: -1
14:03:12.293 [FXGL Background Thread 3 ] DEBUG Engine               - title: Restaurante
14:03:12.293 [FXGL Background Thread 3 ] DEBUG Engine               - urlGithub: https://github.com/AlmasB/FXGL
14:03:12.293 [FXGL Background Thread 3 ] DEBUG Engine               - urlLeaderboard: http://fxgl-top.herokuapp.com/
14:03:12.293 [FXGL Background Thread 3 ] DEBUG Engine               - urlPOM: https://raw.githubusercontent.com/AlmasB/FXGL/release/README.md
14:03:12.293 [FXGL Background Thread 3 ] DEBUG Engine               - userAppClass: class com.simulador.app.Main
14:03:12.293 [FXGL Background Thread 3 ] DEBUG Engine               - version: 0.0
14:03:12.293 [FXGL Background Thread 3 ] DEBUG Engine               - versionCheckDays: 7
14:03:12.293 [FXGL Background Thread 3 ] DEBUG Engine               - width: 700
14:03:12.293 [FXGL Background Thread 3 ] DEBUG Engine               - Logging services
14:03:12.294 [FXGL Background Thread 3 ] DEBUG Engine               - class com.almasb.fxgl.app.services.FXGLAssetLoaderService
14:03:12.294 [FXGL Background Thread 3 ] DEBUG Engine               - class com.almasb.fxgl.app.FXGLApplication$GameApplicationService
14:03:12.294 [FXGL Background Thread 3 ] DEBUG Engine               - class com.almasb.fxgl.app.services.FXGLDialogService
14:03:12.294 [FXGL Background Thread 3 ] DEBUG Engine               - class com.almasb.fxgl.app.services.IOTaskExecutorService
14:03:12.294 [FXGL Background Thread 3 ] DEBUG Engine               - class com.almasb.fxgl.io.FileSystemService
14:03:12.294 [FXGL Background Thread 3 ] DEBUG Engine               - class com.almasb.fxgl.localization.LocalizationService
14:03:12.294 [FXGL Background Thread 3 ] DEBUG Engine               - class com.almasb.fxgl.app.services.SystemBundleService
14:03:12.294 [FXGL Background Thread 3 ] DEBUG Engine               - class com.almasb.fxgl.profile.SaveLoadService
14:03:12.294 [FXGL Background Thread 3 ] DEBUG Engine               - class com.almasb.fxgl.ui.FXGLUIFactoryServiceProvider
14:03:12.294 [FXGL Background Thread 3 ] DEBUG Engine               - class com.almasb.fxgl.ui.FXGLDialogFactoryServiceProvider
14:03:12.294 [FXGL Background Thread 3 ] DEBUG Engine               - class com.almasb.fxgl.audio.AudioPlayer
14:03:12.295 [FXGL Background Thread 3 ] DEBUG Engine               - class com.almasb.fxgl.notification.impl.NotificationServiceProvider
14:03:12.295 [FXGL Background Thread 3 ] DEBUG Engine               - class com.almasb.fxgl.achievement.AchievementService
14:03:12.295 [FXGL Background Thread 3 ] DEBUG Engine               - class com.almasb.fxgl.cutscene.CutsceneService
14:03:12.295 [FXGL Background Thread 3 ] DEBUG Engine               - class com.almasb.fxgl.minigames.MiniGameService
14:03:12.295 [FXGL Background Thread 3 ] DEBUG Engine               - class com.almasb.fxgl.net.NetService
14:03:12.295 [FXGL Background Thread 3 ] DEBUG Engine               - class com.almasb.fxgl.app.services.UpdaterService
14:03:12.295 [FXGL Background Thread 3 ] DEBUG Engine               - class com.almasb.fxgl.dev.DevService
14:03:21.460 [JavaFX Application Thread] DEBUG FXGLApplication      - Exiting FXGL
14:03:21.460 [JavaFX Application Thread] DEBUG LoopRunner           - Stopping loop
14:03:21.461 [JavaFX Application Thread] DEBUG SystemBundleService  - Saving FXGL system data
14:03:21.464 [JavaFX Application Thread] DEBUG FileSystemAccess     - Writing to: C:\Users\gabor\IdeaProjects\Restaurant_S\system\fxgl.bundle
14:03:21.466 [JavaFX Application Thread] DEBUG Async                - Shutting down background threads
14:03:21.466 [JavaFX Application Thread] DEBUG PrimaryStageWindow   - Closing main window
14:03:21.538 [JavaFX Application Thread] DEBUG Logger               - Closing Logger
